#
# A fatal error has been detected by the Java Runtime Environment:
#
#  SIGILL (0x4) at pc=0x00007f881d98a630, pid=18490, tid=18506
#
# JRE version: OpenJDK Runtime Environment (11.0.6+10) (build 11.0.6+10-post-Ubuntu-1ubuntu119.10.1)
# Java VM: OpenJDK 64-Bit Server VM (11.0.6+10-post-Ubuntu-1ubuntu119.10.1, mixed mode, sharing, tiered, compressed oops, g1 gc, linux-amd64)
# Problematic frame:
# V  [libjvm.so+0x41c630]
#
# Core dump will be written. Default location: Core dumps may be processed with "/usr/share/apport/apport %p %s %c %d %P" (or dumping to /home/george/vscode-workspace/restbackend/core.18490)
#
# If you would like to submit a bug report, please visit:
#   https://bugs.launchpad.net/ubuntu/+source/openjdk-lts
#

---------------  S U M M A R Y ------------

Command Line: -Dcom.sun.management.jmxremote -Dcom.sun.management.jmxremote.port=39531 -Dcom.sun.management.jmxremote.authenticate=false -Dcom.sun.management.jmxremote.ssl=false -Djava.rmi.server.hostname=localhost -Dspring.application.admin.enabled=true -Dspring.jmx.enabled=true -Dfile.encoding=UTF-8 com.geocode.fullstackproject.restbackend.BackendRestApplication

Host: AMD Ryzen 5 1500X Quad-Core Processor, 8 cores, 15G, Ubuntu 19.10
Time: Mon Feb  3 19:19:40 2020 -03 elapsed time: 0 seconds (0d 0h 0m 0s)

---------------  T H R E A D  ---------------

Current thread (0x00007f88181dc800):  JavaThread "C1 CompilerThread0" daemon [_thread_in_native, id=18506, stack(0x00007f87d2f1f000,0x00007f87d3020000)]


Current CompileTask:
C1:    733 1715       3       org.springframework.boot.context.properties.source.SpringConfigurationPropertySources$SourcesIterator::hasNext (13 bytes)

Stack: [0x00007f87d2f1f000,0x00007f87d3020000],  sp=0x00007f87d301e190,  free space=1020k
Native frames: (J=compiled Java code, A=aot compiled Java code, j=interpreted, Vv=VM code, C=native code)
V  [libjvm.so+0x41c630]
V  [libjvm.so+0xa7f721]
V  [libjvm.so+0x499d65]
V  [libjvm.so+0x4641de]
V  [libjvm.so+0x4645b8]
V  [libjvm.so+0x4647c0]
V  [libjvm.so+0x464c43]
V  [libjvm.so+0x465581]
V  [libjvm.so+0x5e4c21]
V  [libjvm.so+0x5e5df8]
V  [libjvm.so+0xd2383f]
V  [libjvm.so+0xd23c20]
V  [libjvm.so+0xd1e888]
V  [libjvm.so+0xb8eef6]


siginfo: si_signo: 4 (SIGILL), si_code: 2 (ILL_ILLOPN), si_addr: 0x00007f881d98a630

Register to memory mapping:

RAX=0x00000028ffffffff is an unknown value
RBX=0xffffffffffffffff is an unknown value
RCX=0x0000000000000028 is an unknown value
RDX=0x0 is NULL
RSP=0x00007f87d301e190 is pointing into the stack for thread: 0x00007f88181dc800
RBP=0x00007f87d301e2c0 is pointing into the stack for thread: 0x00007f88181dc800
RSI=0x00007f87d301e11c is pointing into the stack for thread: 0x00007f88181dc800
RDI=0x00007f87c815dbe0 points into unknown readable memory: a8 0d 64 1e 88 7f 00 00
R8 =0x00000000ffffffff is an unknown value
R9 =0x0000000000000028 is an unknown value
R10=0x000000000000000a is an unknown value
R11=0x0 is NULL
R12=0x00007f87c815dbe0 points into unknown readable memory: a8 0d 64 1e 88 7f 00 00
R13=0x00007f881e5bb260: <offset 0x000000000104d260> in /usr/lib/jvm/java-11-openjdk-amd64/lib/server/libjvm.so at 0x00007f881d56e000
R14=0x00007f881e5bb250: <offset 0x000000000104d250> in /usr/lib/jvm/java-11-openjdk-amd64/lib/server/libjvm.so at 0x00007f881d56e000
R15=0xffffffffffffffff is an unknown value


Registers:
RAX=0x00000028ffffffff, RBX=0xffffffffffffffff, RCX=0x0000000000000028, RDX=0x0000000000000000
RSP=0x00007f87d301e190, RBP=0x00007f87d301e2c0, RSI=0x00007f87d301e11c, RDI=0x00007f87c815dbe0
R8 =0x00000000ffffffff, R9 =0x0000000000000028, R10=0x000000000000000a, R11=0x0000000000000000
R12=0x00007f87c815dbe0, R13=0x00007f881e5bb260, R14=0x00007f881e5bb250, R15=0xffffffffffffffff
RIP=0x00007f881d98a630, EFLAGS=0x0000000000010206, CSGSFS=0x002b000000000033, ERR=0x0000000000000000
  TRAPNO=0x0000000000000006

Top of Stack: (sp=0x00007f87d301e190)
0x00007f87d301e190:   00007f881d98c31f 0000000000000004
0x00007f87d301e1a0:   ffffffffffffffff ffffffffffffffff
0x00007f87d301e1b0:   00000028ffffffff 00007f88181dd400
0x00007f87d301e1c0:   00007f881e5bb260 0000000000000000 

Instructions: (pc=0x00007f881d98a630)
0x00007f881d98a530:   f3 0f 1e fa 55 49 89 f2 48 89 e5 53 48 89 fb 48
0x00007f881d98a540:   83 ec 58 48 8b 47 08 48 8b 50 10 48 89 50 08 ff
0x00007f881d98a550:   75 58 ff 75 50 ff 75 48 ff 75 40 ff 75 38 ff 75
0x00007f881d98a560:   30 ff 75 28 ff 75 20 ff 75 18 ff 75 10 e8 8e 2a
0x00007f881d98a570:   ff ff 48 8b 43 08 48 83 c4 50 48 89 df f3 0f 6f
0x00007f881d98a580:   45 10 f3 0f 6f 4d 20 4c 89 d6 48 8b 50 10 f3 0f
0x00007f881d98a590:   6f 55 30 f3 0f 6f 5d 40 f3 0f 6f 65 50 c6 02 8b
0x00007f881d98a5a0:   48 83 40 10 01 48 8d 45 c8 6a 00 50 0f 29 45 a0
0x00007f881d98a5b0:   48 8b 55 a0 48 8b 4d a8 0f 29 4d b0 44 8b 4d bc
0x00007f881d98a5c0:   44 8b 45 b8 0f 29 55 c0 0f 29 5d d0 0f 29 65 e0
0x00007f881d98a5d0:   e8 7b fb fc ff 48 8b 43 08 48 c7 40 08 00 00 00
0x00007f881d98a5e0:   00 58 48 8b 5d f8 5a c9 c3 90 66 0f 1f 44 00 00
0x00007f881d98a5f0:   f3 0f 1e fa 55 49 89 f2 48 89 e5 53 48 89 fb 48
0x00007f881d98a600:   83 ec 58 48 8b 47 08 48 8b 50 10 48 89 50 08 ff
0x00007f881d98a610:   75 58 ff 75 50 ff 75 48 ff 75 40 ff 75 38 ff 75
0x00007f881d98a620:   30 ff 75 28 ff 75 20 ff 75 18 ff 75 10 e8 ce 29
0x00007f881d98a630:   ff ff 48 8b 43 08 48 83 c4 50 48 89 df f3 0f 6f
0x00007f881d98a640:   45 10 f3 0f 6f 4d 20 4c 89 d6 48 8b 50 10 f3 0f
0x00007f881d98a650:   6f 55 30 f3 0f 6f 5d 40 f3 0f 6f 65 50 c6 02 89
0x00007f881d98a660:   48 83 40 10 01 48 8d 45 c8 6a 00 50 0f 29 45 a0
0x00007f881d98a670:   48 8b 55 a0 48 8b 4d a8 0f 29 4d b0 44 8b 4d bc
0x00007f881d98a680:   44 8b 45 b8 0f 29 55 c0 0f 29 5d d0 0f 29 65 e0
0x00007f881d98a690:   e8 bb fa fc ff 48 8b 43 08 48 c7 40 08 00 00 00
0x00007f881d98a6a0:   00 58 48 8b 5d f8 5a c9 c3 90 66 0f 1f 44 00 00
0x00007f881d98a6b0:   f3 0f 1e fa 55 49 89 f2 48 89 e5 53 48 89 fb 48
0x00007f881d98a6c0:   83 ec 58 48 8b 47 08 48 8b 50 10 48 89 50 08 ff
0x00007f881d98a6d0:   75 58 ff 75 50 ff 75 48 ff 75 40 ff 75 38 ff 75
0x00007f881d98a6e0:   30 ff 75 28 ff 75 20 ff 75 18 ff 75 10 e8 0e 29
0x00007f881d98a6f0:   ff ff 48 8b 43 08 48 83 c4 50 48 89 df f3 0f 6f
0x00007f881d98a700:   45 10 f3 0f 6f 4d 20 4c 89 d6 48 8b 50 10 f3 0f
0x00007f881d98a710:   6f 55 30 f3 0f 6f 5d 40 f3 0f 6f 65 50 c6 02 0f
0x00007f881d98a720:   48 83 40 10 01 48 8b 43 08 48 8b 50 10 c6 02 be 


Stack slot to memory mapping:
stack at sp + 0 slots: 0x00007f881d98c31f: <offset 0x000000000041e31f> in /usr/lib/jvm/java-11-openjdk-amd64/lib/server/libjvm.so at 0x00007f881d56e000
stack at sp + 1 slots: 0x0000000000000004 is an unknown value
stack at sp + 2 slots: 0xffffffffffffffff is an unknown value
stack at sp + 3 slots: 0xffffffffffffffff is an unknown value
stack at sp + 4 slots: 0x00000028ffffffff is an unknown value
stack at sp + 5 slots: 0x00007f88181dd400 points into unknown readable memory: 07 00 00 00 73 70 72 69
stack at sp + 6 slots: 0x00007f881e5bb260: <offset 0x000000000104d260> in /usr/lib/jvm/java-11-openjdk-amd64/lib/server/libjvm.so at 0x00007f881d56e000
stack at sp + 7 slots: 0x0 is NULL


---------------  P R O C E S S  ---------------

Threads class SMR info:
_java_thread_list=0x00007f877c00ac70, length=17, elements={
0x00007f8818016000, 0x00007f88181d1000, 0x00007f88181d3000, 0x00007f88181d8800,
0x00007f88181da800, 0x00007f88181dc800, 0x00007f88181de800, 0x00007f88181fc800,
0x00007f87c807f000, 0x00007f881822b800, 0x00007f8818584800, 0x00007f881858b000,
0x00007f8818598800, 0x00007f87c81b7800, 0x00007f88187a6800, 0x00007f8788002800,
0x00007f877c01f000
}

Java Threads: ( => current thread )
  0x00007f8818016000 JavaThread "main" [_thread_blocked, id=18495, stack(0x00007f881d116000,0x00007f881d217000)]
  0x00007f88181d1000 JavaThread "Reference Handler" daemon [_thread_blocked, id=18502, stack(0x00007f87f0142000,0x00007f87f0243000)]
  0x00007f88181d3000 JavaThread "Finalizer" daemon [_thread_blocked, id=18503, stack(0x00007f87f0041000,0x00007f87f0142000)]
  0x00007f88181d8800 JavaThread "Signal Dispatcher" daemon [_thread_blocked, id=18504, stack(0x00007f87d3121000,0x00007f87d3222000)]
  0x00007f88181da800 JavaThread "C2 CompilerThread0" daemon [_thread_blocked, id=18505, stack(0x00007f87d3020000,0x00007f87d3121000)]
=>0x00007f88181dc800 JavaThread "C1 CompilerThread0" daemon [_thread_in_native, id=18506, stack(0x00007f87d2f1f000,0x00007f87d3020000)]
  0x00007f88181de800 JavaThread "Sweeper thread" daemon [_thread_blocked, id=18507, stack(0x00007f87d2e1e000,0x00007f87d2f1f000)]
  0x00007f88181fc800 JavaThread "Common-Cleaner" daemon [_thread_blocked, id=18508, stack(0x00007f87d2d1d000,0x00007f87d2e1e000)]
  0x00007f87c807f000 JavaThread "C2 CompilerThread1" daemon [_thread_blocked, id=18509, stack(0x00007f87d2c1c000,0x00007f87d2d1d000)]
  0x00007f881822b800 JavaThread "Service Thread" daemon [_thread_blocked, id=18510, stack(0x00007f87d2b1b000,0x00007f87d2c1c000)]
  0x00007f8818584800 JavaThread "RMI TCP Accept-0" daemon [_thread_in_native, id=18512, stack(0x00007f87d2a1a000,0x00007f87d2b1b000)]
  0x00007f881858b000 JavaThread "RMI TCP Accept-39531" daemon [_thread_in_native, id=18513, stack(0x00007f87d2919000,0x00007f87d2a1a000)]
  0x00007f8818598800 JavaThread "RMI TCP Accept-0" daemon [_thread_in_native, id=18514, stack(0x00007f87d2818000,0x00007f87d2919000)]
  0x00007f87c81b7800 JavaThread "C2 CompilerThread2" daemon [_thread_blocked, id=18516, stack(0x00007f87d2615000,0x00007f87d2716000)]
  0x00007f88187a6800 JavaThread "Thread-0" [_thread_blocked, id=18523, stack(0x00007f87d1f08000,0x00007f87d2009000)]
  0x00007f8788002800 JavaThread "restartedMain" [_thread_blocked, id=18524, stack(0x00007f87d1e07000,0x00007f87d1f08000)]
  0x00007f877c01f000 JavaThread "background-preinit" [_thread_blocked, id=18525, stack(0x00007f87d1d06000,0x00007f87d1e07000)]

Other Threads:
  0x00007f88181ce000 VMThread "VM Thread" [stack: 0x00007f87f0245000,0x00007f87f0345000] [id=18501]
  0x00007f88185a9000 WatcherThread [stack: 0x00007f87d2718000,0x00007f87d2818000] [id=18515]
  0x00007f881802e800 GCTaskThread "GC Thread#0" [stack: 0x00007f881cdca000,0x00007f881ceca000] [id=18496]
  0x00007f87e0001000 GCTaskThread "GC Thread#1" [stack: 0x00007f87d2515000,0x00007f87d2615000] [id=18517]
  0x00007f87e0002800 GCTaskThread "GC Thread#2" [stack: 0x00007f87d2413000,0x00007f87d2513000] [id=18518]
  0x00007f87e0004000 GCTaskThread "GC Thread#3" [stack: 0x00007f87d2311000,0x00007f87d2411000] [id=18519]
  0x00007f87e0005800 GCTaskThread "GC Thread#4" [stack: 0x00007f87d220f000,0x00007f87d230f000] [id=18520]
  0x00007f87e0007000 GCTaskThread "GC Thread#5" [stack: 0x00007f87d210d000,0x00007f87d220d000] [id=18521]
  0x00007f87e000a000 GCTaskThread "GC Thread#6" [stack: 0x00007f87d1a06000,0x00007f87d1b06000] [id=18526]
  0x00007f87e000b800 GCTaskThread "GC Thread#7" [stack: 0x00007f87d1904000,0x00007f87d1a04000] [id=18527]
  0x00007f881808d000 ConcurrentGCThread "G1 Main Marker" [stack: 0x00007f881c3bd000,0x00007f881c4bd000] [id=18497]
  0x00007f881808f000 ConcurrentGCThread "G1 Conc#0" [stack: 0x00007f881c2bb000,0x00007f881c3bb000] [id=18498]
  0x00007f8818190000 ConcurrentGCThread "G1 Refine#0" [stack: 0x00007f87f0d25000,0x00007f87f0e25000] [id=18499]
  0x00007f87e8001000 ConcurrentGCThread "G1 Refine#1" [stack: 0x00007f87d200b000,0x00007f87d210b000] [id=18522]
  0x00007f8784001800 ConcurrentGCThread "G1 Refine#2" [stack: 0x00007f87d1802000,0x00007f87d1902000] [id=18528]
  0x00007f8818192000 ConcurrentGCThread "G1 Young RemSet Sampling" [stack: 0x00007f87f0c23000,0x00007f87f0d23000] [id=18500]

Threads with active compile tasks:
C1 CompilerThread0    736 1715       3       org.springframework.boot.context.properties.source.SpringConfigurationPropertySources$SourcesIterator::hasNext (13 bytes)
C2 CompilerThread2    736 1731   !   4       java.net.URL::<init> (543 bytes)

VM state:synchronizing (normal execution)

VM Mutex/Monitor currently owned by a thread:  ([mutex/lock_event])
[0x00007f8818012dc0] Safepoint_lock - owner thread: 0x00007f88181ce000
[0x00007f8818012e50] Threads_lock - owner thread: 0x00007f88181ce000

Heap address: 0x0000000705a00000, size: 4006 MB, Compressed Oops mode: Zero based, Oop shift amount: 3
Narrow klass base: 0x0000000800000000, Narrow klass shift: 3
Compressed class space size: 1073741824 Address: 0x0000000840000000

Heap:
 garbage-first heap   total 260096K, used 25581K [0x0000000705a00000, 0x0000000800000000)
  region size 1024K, 22 young (22528K), 4 survivors (4096K)
 Metaspace       used 12802K, capacity 13326K, committed 13440K, reserved 1060864K
  class space    used 1688K, capacity 1902K, committed 1920K, reserved 1048576K
Heap Regions: E=young(eden), S=young(survivor), O=old, HS=humongous(starts), HC=humongous(continues), CS=collection set, F=free, A=archive, TAMS=top-at-mark-start (previous, next)
|   0|0x0000000705a00000, 0x0000000705b00000, 0x0000000705b00000|100%|HS|  |TAMS 0x0000000705a00000, 0x0000000705a00000| Complete 
|   1|0x0000000705b00000, 0x0000000705c00000, 0x0000000705c00000|100%| O|  |TAMS 0x0000000705b00000, 0x0000000705b00000| Untracked 
|   2|0x0000000705c00000, 0x0000000705d00000, 0x0000000705d00000|100%| O|  |TAMS 0x0000000705c00000, 0x0000000705c00000| Untracked 
|   3|0x0000000705d00000, 0x0000000705d77400, 0x0000000705e00000| 46%| O|  |TAMS 0x0000000705d00000, 0x0000000705d00000| Untracked 
|   4|0x0000000705e00000, 0x0000000705e00000, 0x0000000705f00000|  0%| F|  |TAMS 0x0000000705e00000, 0x0000000705e00000| Untracked 
|   5|0x0000000705f00000, 0x0000000705f00000, 0x0000000706000000|  0%| F|  |TAMS 0x0000000705f00000, 0x0000000705f00000| Untracked 
|   6|0x0000000706000000, 0x0000000706000000, 0x0000000706100000|  0%| F|  |TAMS 0x0000000706000000, 0x0000000706000000| Untracked 
|   7|0x0000000706100000, 0x0000000706100000, 0x0000000706200000|  0%| F|  |TAMS 0x0000000706100000, 0x0000000706100000| Untracked 
|   8|0x0000000706200000, 0x0000000706200000, 0x0000000706300000|  0%| F|  |TAMS 0x0000000706200000, 0x0000000706200000| Untracked 
|   9|0x0000000706300000, 0x0000000706300000, 0x0000000706400000|  0%| F|  |TAMS 0x0000000706300000, 0x0000000706300000| Untracked 
|  10|0x0000000706400000, 0x0000000706400000, 0x0000000706500000|  0%| F|  |TAMS 0x0000000706400000, 0x0000000706400000| Untracked 
|  11|0x0000000706500000, 0x0000000706500000, 0x0000000706600000|  0%| F|  |TAMS 0x0000000706500000, 0x0000000706500000| Untracked 
|  12|0x0000000706600000, 0x0000000706600000, 0x0000000706700000|  0%| F|  |TAMS 0x0000000706600000, 0x0000000706600000| Untracked 
|  13|0x0000000706700000, 0x0000000706700000, 0x0000000706800000|  0%| F|  |TAMS 0x0000000706700000, 0x0000000706700000| Untracked 
|  14|0x0000000706800000, 0x0000000706800000, 0x0000000706900000|  0%| F|  |TAMS 0x0000000706800000, 0x0000000706800000| Untracked 
|  15|0x0000000706900000, 0x0000000706900000, 0x0000000706a00000|  0%| F|  |TAMS 0x0000000706900000, 0x0000000706900000| Untracked 
|  16|0x0000000706a00000, 0x0000000706a00000, 0x0000000706b00000|  0%| F|  |TAMS 0x0000000706a00000, 0x0000000706a00000| Untracked 
|  17|0x0000000706b00000, 0x0000000706b00000, 0x0000000706c00000|  0%| F|  |TAMS 0x0000000706b00000, 0x0000000706b00000| Untracked 
|  18|0x0000000706c00000, 0x0000000706c00000, 0x0000000706d00000|  0%| F|  |TAMS 0x0000000706c00000, 0x0000000706c00000| Untracked 
|  19|0x0000000706d00000, 0x0000000706d00000, 0x0000000706e00000|  0%| F|  |TAMS 0x0000000706d00000, 0x0000000706d00000| Untracked 
|  20|0x0000000706e00000, 0x0000000706e00000, 0x0000000706f00000|  0%| F|  |TAMS 0x0000000706e00000, 0x0000000706e00000| Untracked 
|  21|0x0000000706f00000, 0x0000000706f00000, 0x0000000707000000|  0%| F|  |TAMS 0x0000000706f00000, 0x0000000706f00000| Untracked 
|  22|0x0000000707000000, 0x0000000707000000, 0x0000000707100000|  0%| F|  |TAMS 0x0000000707000000, 0x0000000707000000| Untracked 
|  23|0x0000000707100000, 0x0000000707100000, 0x0000000707200000|  0%| F|  |TAMS 0x0000000707100000, 0x0000000707100000| Untracked 
|  24|0x0000000707200000, 0x0000000707200000, 0x0000000707300000|  0%| F|  |TAMS 0x0000000707200000, 0x0000000707200000| Untracked 
|  25|0x0000000707300000, 0x0000000707300000, 0x0000000707400000|  0%| F|  |TAMS 0x0000000707300000, 0x0000000707300000| Untracked 
|  26|0x0000000707400000, 0x0000000707400000, 0x0000000707500000|  0%| F|  |TAMS 0x0000000707400000, 0x0000000707400000| Untracked 
|  27|0x0000000707500000, 0x0000000707500000, 0x0000000707600000|  0%| F|  |TAMS 0x0000000707500000, 0x0000000707500000| Untracked 
|  28|0x0000000707600000, 0x0000000707600000, 0x0000000707700000|  0%| F|  |TAMS 0x0000000707600000, 0x0000000707600000| Untracked 
|  29|0x0000000707700000, 0x0000000707700000, 0x0000000707800000|  0%| F|  |TAMS 0x0000000707700000, 0x0000000707700000| Untracked 
|  30|0x0000000707800000, 0x0000000707800000, 0x0000000707900000|  0%| F|  |TAMS 0x0000000707800000, 0x0000000707800000| Untracked 
|  31|0x0000000707900000, 0x0000000707900000, 0x0000000707a00000|  0%| F|  |TAMS 0x0000000707900000, 0x0000000707900000| Untracked 
|  32|0x0000000707a00000, 0x0000000707a00000, 0x0000000707b00000|  0%| F|  |TAMS 0x0000000707a00000, 0x0000000707a00000| Untracked 
|  33|0x0000000707b00000, 0x0000000707b00000, 0x0000000707c00000|  0%| F|  |TAMS 0x0000000707b00000, 0x0000000707b00000| Untracked 
|  34|0x0000000707c00000, 0x0000000707c00000, 0x0000000707d00000|  0%| F|  |TAMS 0x0000000707c00000, 0x0000000707c00000| Untracked 
|  35|0x0000000707d00000, 0x0000000707d00000, 0x0000000707e00000|  0%| F|  |TAMS 0x0000000707d00000, 0x0000000707d00000| Untracked 
|  36|0x0000000707e00000, 0x0000000707e00000, 0x0000000707f00000|  0%| F|  |TAMS 0x0000000707e00000, 0x0000000707e00000| Untracked 
|  37|0x0000000707f00000, 0x0000000707f00000, 0x0000000708000000|  0%| F|  |TAMS 0x0000000707f00000, 0x0000000707f00000| Untracked 
|  38|0x0000000708000000, 0x0000000708000000, 0x0000000708100000|  0%| F|  |TAMS 0x0000000708000000, 0x0000000708000000| Untracked 
|  39|0x0000000708100000, 0x0000000708100000, 0x0000000708200000|  0%| F|  |TAMS 0x0000000708100000, 0x0000000708100000| Untracked 
|  40|0x0000000708200000, 0x0000000708200000, 0x0000000708300000|  0%| F|  |TAMS 0x0000000708200000, 0x0000000708200000| Untracked 
|  41|0x0000000708300000, 0x0000000708300000, 0x0000000708400000|  0%| F|  |TAMS 0x0000000708300000, 0x0000000708300000| Untracked 
|  42|0x0000000708400000, 0x0000000708400000, 0x0000000708500000|  0%| F|  |TAMS 0x0000000708400000, 0x0000000708400000| Untracked 
|  43|0x0000000708500000, 0x0000000708500000, 0x0000000708600000|  0%| F|  |TAMS 0x0000000708500000, 0x0000000708500000| Untracked 
|  44|0x0000000708600000, 0x0000000708600000, 0x0000000708700000|  0%| F|  |TAMS 0x0000000708600000, 0x0000000708600000| Untracked 
|  45|0x0000000708700000, 0x0000000708700000, 0x0000000708800000|  0%| F|  |TAMS 0x0000000708700000, 0x0000000708700000| Untracked 
|  46|0x0000000708800000, 0x0000000708800000, 0x0000000708900000|  0%| F|  |TAMS 0x0000000708800000, 0x0000000708800000| Untracked 
|  47|0x0000000708900000, 0x0000000708900000, 0x0000000708a00000|  0%| F|  |TAMS 0x0000000708900000, 0x0000000708900000| Untracked 
|  48|0x0000000708a00000, 0x0000000708a00000, 0x0000000708b00000|  0%| F|  |TAMS 0x0000000708a00000, 0x0000000708a00000| Untracked 
|  49|0x0000000708b00000, 0x0000000708b00000, 0x0000000708c00000|  0%| F|  |TAMS 0x0000000708b00000, 0x0000000708b00000| Untracked 
|  50|0x0000000708c00000, 0x0000000708c00000, 0x0000000708d00000|  0%| F|  |TAMS 0x0000000708c00000, 0x0000000708c00000| Untracked 
|  51|0x0000000708d00000, 0x0000000708d00000, 0x0000000708e00000|  0%| F|  |TAMS 0x0000000708d00000, 0x0000000708d00000| Untracked 
|  52|0x0000000708e00000, 0x0000000708e00000, 0x0000000708f00000|  0%| F|  |TAMS 0x0000000708e00000, 0x0000000708e00000| Untracked 
|  53|0x0000000708f00000, 0x0000000708f00000, 0x0000000709000000|  0%| F|  |TAMS 0x0000000708f00000, 0x0000000708f00000| Untracked 
|  54|0x0000000709000000, 0x0000000709000000, 0x0000000709100000|  0%| F|  |TAMS 0x0000000709000000, 0x0000000709000000| Untracked 
|  55|0x0000000709100000, 0x0000000709100000, 0x0000000709200000|  0%| F|  |TAMS 0x0000000709100000, 0x0000000709100000| Untracked 
|  56|0x0000000709200000, 0x0000000709200000, 0x0000000709300000|  0%| F|  |TAMS 0x0000000709200000, 0x0000000709200000| Untracked 
|  57|0x0000000709300000, 0x0000000709300000, 0x0000000709400000|  0%| F|  |TAMS 0x0000000709300000, 0x0000000709300000| Untracked 
|  58|0x0000000709400000, 0x0000000709400000, 0x0000000709500000|  0%| F|  |TAMS 0x0000000709400000, 0x0000000709400000| Untracked 
|  59|0x0000000709500000, 0x0000000709500000, 0x0000000709600000|  0%| F|  |TAMS 0x0000000709500000, 0x0000000709500000| Untracked 
|  60|0x0000000709600000, 0x0000000709600000, 0x0000000709700000|  0%| F|  |TAMS 0x0000000709600000, 0x0000000709600000| Untracked 
|  61|0x0000000709700000, 0x0000000709700000, 0x0000000709800000|  0%| F|  |TAMS 0x0000000709700000, 0x0000000709700000| Untracked 
|  62|0x0000000709800000, 0x0000000709800000, 0x0000000709900000|  0%| F|  |TAMS 0x0000000709800000, 0x0000000709800000| Untracked 
|  63|0x0000000709900000, 0x0000000709900000, 0x0000000709a00000|  0%| F|  |TAMS 0x0000000709900000, 0x0000000709900000| Untracked 
|  64|0x0000000709a00000, 0x0000000709a00000, 0x0000000709b00000|  0%| F|  |TAMS 0x0000000709a00000, 0x0000000709a00000| Untracked 
|  65|0x0000000709b00000, 0x0000000709b00000, 0x0000000709c00000|  0%| F|  |TAMS 0x0000000709b00000, 0x0000000709b00000| Untracked 
|  66|0x0000000709c00000, 0x0000000709c00000, 0x0000000709d00000|  0%| F|  |TAMS 0x0000000709c00000, 0x0000000709c00000| Untracked 
|  67|0x0000000709d00000, 0x0000000709d00000, 0x0000000709e00000|  0%| F|  |TAMS 0x0000000709d00000, 0x0000000709d00000| Untracked 
|  68|0x0000000709e00000, 0x0000000709e00000, 0x0000000709f00000|  0%| F|  |TAMS 0x0000000709e00000, 0x0000000709e00000| Untracked 
|  69|0x0000000709f00000, 0x0000000709f00000, 0x000000070a000000|  0%| F|  |TAMS 0x0000000709f00000, 0x0000000709f00000| Untracked 
|  70|0x000000070a000000, 0x000000070a000000, 0x000000070a100000|  0%| F|  |TAMS 0x000000070a000000, 0x000000070a000000| Untracked 
|  71|0x000000070a100000, 0x000000070a100000, 0x000000070a200000|  0%| F|  |TAMS 0x000000070a100000, 0x000000070a100000| Untracked 
|  72|0x000000070a200000, 0x000000070a200000, 0x000000070a300000|  0%| F|  |TAMS 0x000000070a200000, 0x000000070a200000| Untracked 
|  73|0x000000070a300000, 0x000000070a300000, 0x000000070a400000|  0%| F|  |TAMS 0x000000070a300000, 0x000000070a300000| Untracked 
|  74|0x000000070a400000, 0x000000070a400000, 0x000000070a500000|  0%| F|  |TAMS 0x000000070a400000, 0x000000070a400000| Untracked 
|  75|0x000000070a500000, 0x000000070a500000, 0x000000070a600000|  0%| F|  |TAMS 0x000000070a500000, 0x000000070a500000| Untracked 
|  76|0x000000070a600000, 0x000000070a600000, 0x000000070a700000|  0%| F|  |TAMS 0x000000070a600000, 0x000000070a600000| Untracked 
|  77|0x000000070a700000, 0x000000070a700000, 0x000000070a800000|  0%| F|  |TAMS 0x000000070a700000, 0x000000070a700000| Untracked 
|  78|0x000000070a800000, 0x000000070a800000, 0x000000070a900000|  0%| F|  |TAMS 0x000000070a800000, 0x000000070a800000| Untracked 
|  79|0x000000070a900000, 0x000000070a900000, 0x000000070aa00000|  0%| F|  |TAMS 0x000000070a900000, 0x000000070a900000| Untracked 
|  80|0x000000070aa00000, 0x000000070aa00000, 0x000000070ab00000|  0%| F|  |TAMS 0x000000070aa00000, 0x000000070aa00000| Untracked 
|  81|0x000000070ab00000, 0x000000070ab00000, 0x000000070ac00000|  0%| F|  |TAMS 0x000000070ab00000, 0x000000070ab00000| Untracked 
|  82|0x000000070ac00000, 0x000000070ac00000, 0x000000070ad00000|  0%| F|  |TAMS 0x000000070ac00000, 0x000000070ac00000| Untracked 
|  83|0x000000070ad00000, 0x000000070ad00000, 0x000000070ae00000|  0%| F|  |TAMS 0x000000070ad00000, 0x000000070ad00000| Untracked 
|  84|0x000000070ae00000, 0x000000070ae00000, 0x000000070af00000|  0%| F|  |TAMS 0x000000070ae00000, 0x000000070ae00000| Untracked 
|  85|0x000000070af00000, 0x000000070af00000, 0x000000070b000000|  0%| F|  |TAMS 0x000000070af00000, 0x000000070af00000| Untracked 
|  86|0x000000070b000000, 0x000000070b000000, 0x000000070b100000|  0%| F|  |TAMS 0x000000070b000000, 0x000000070b000000| Untracked 
|  87|0x000000070b100000, 0x000000070b100000, 0x000000070b200000|  0%| F|  |TAMS 0x000000070b100000, 0x000000070b100000| Untracked 
|  88|0x000000070b200000, 0x000000070b200000, 0x000000070b300000|  0%| F|  |TAMS 0x000000070b200000, 0x000000070b200000| Untracked 
|  89|0x000000070b300000, 0x000000070b300000, 0x000000070b400000|  0%| F|  |TAMS 0x000000070b300000, 0x000000070b300000| Untracked 
|  90|0x000000070b400000, 0x000000070b400000, 0x000000070b500000|  0%| F|  |TAMS 0x000000070b400000, 0x000000070b400000| Untracked 
|  91|0x000000070b500000, 0x000000070b500000, 0x000000070b600000|  0%| F|  |TAMS 0x000000070b500000, 0x000000070b500000| Untracked 
|  92|0x000000070b600000, 0x000000070b600000, 0x000000070b700000|  0%| F|  |TAMS 0x000000070b600000, 0x000000070b600000| Untracked 
|  93|0x000000070b700000, 0x000000070b700000, 0x000000070b800000|  0%| F|  |TAMS 0x000000070b700000, 0x000000070b700000| Untracked 
|  94|0x000000070b800000, 0x000000070b800000, 0x000000070b900000|  0%| F|  |TAMS 0x000000070b800000, 0x000000070b800000| Untracked 
|  95|0x000000070b900000, 0x000000070b900000, 0x000000070ba00000|  0%| F|  |TAMS 0x000000070b900000, 0x000000070b900000| Untracked 
|  96|0x000000070ba00000, 0x000000070ba00000, 0x000000070bb00000|  0%| F|  |TAMS 0x000000070ba00000, 0x000000070ba00000| Untracked 
|  97|0x000000070bb00000, 0x000000070bb00000, 0x000000070bc00000|  0%| F|  |TAMS 0x000000070bb00000, 0x000000070bb00000| Untracked 
|  98|0x000000070bc00000, 0x000000070bc00000, 0x000000070bd00000|  0%| F|  |TAMS 0x000000070bc00000, 0x000000070bc00000| Untracked 
|  99|0x000000070bd00000, 0x000000070bd00000, 0x000000070be00000|  0%| F|  |TAMS 0x000000070bd00000, 0x000000070bd00000| Untracked 
| 100|0x000000070be00000, 0x000000070be00000, 0x000000070bf00000|  0%| F|  |TAMS 0x000000070be00000, 0x000000070be00000| Untracked 
| 101|0x000000070bf00000, 0x000000070bf00000, 0x000000070c000000|  0%| F|  |TAMS 0x000000070bf00000, 0x000000070bf00000| Untracked 
| 102|0x000000070c000000, 0x000000070c000000, 0x000000070c100000|  0%| F|  |TAMS 0x000000070c000000, 0x000000070c000000| Untracked 
| 103|0x000000070c100000, 0x000000070c100000, 0x000000070c200000|  0%| F|  |TAMS 0x000000070c100000, 0x000000070c100000| Untracked 
| 104|0x000000070c200000, 0x000000070c200000, 0x000000070c300000|  0%| F|  |TAMS 0x000000070c200000, 0x000000070c200000| Untracked 
| 105|0x000000070c300000, 0x000000070c300000, 0x000000070c400000|  0%| F|  |TAMS 0x000000070c300000, 0x000000070c300000| Untracked 
| 106|0x000000070c400000, 0x000000070c400000, 0x000000070c500000|  0%| F|  |TAMS 0x000000070c400000, 0x000000070c400000| Untracked 
| 107|0x000000070c500000, 0x000000070c500000, 0x000000070c600000|  0%| F|  |TAMS 0x000000070c500000, 0x000000070c500000| Untracked 
| 108|0x000000070c600000, 0x000000070c600000, 0x000000070c700000|  0%| F|  |TAMS 0x000000070c600000, 0x000000070c600000| Untracked 
| 109|0x000000070c700000, 0x000000070c700000, 0x000000070c800000|  0%| F|  |TAMS 0x000000070c700000, 0x000000070c700000| Untracked 
| 110|0x000000070c800000, 0x000000070c800000, 0x000000070c900000|  0%| F|  |TAMS 0x000000070c800000, 0x000000070c800000| Untracked 
| 111|0x000000070c900000, 0x000000070c900000, 0x000000070ca00000|  0%| F|  |TAMS 0x000000070c900000, 0x000000070c900000| Untracked 
| 112|0x000000070ca00000, 0x000000070ca00000, 0x000000070cb00000|  0%| F|  |TAMS 0x000000070ca00000, 0x000000070ca00000| Untracked 
| 113|0x000000070cb00000, 0x000000070cb00000, 0x000000070cc00000|  0%| F|  |TAMS 0x000000070cb00000, 0x000000070cb00000| Untracked 
| 114|0x000000070cc00000, 0x000000070cc00000, 0x000000070cd00000|  0%| F|  |TAMS 0x000000070cc00000, 0x000000070cc00000| Untracked 
| 115|0x000000070cd00000, 0x000000070cd00000, 0x000000070ce00000|  0%| F|  |TAMS 0x000000070cd00000, 0x000000070cd00000| Untracked 
| 116|0x000000070ce00000, 0x000000070ce00000, 0x000000070cf00000|  0%| F|  |TAMS 0x000000070ce00000, 0x000000070ce00000| Untracked 
| 117|0x000000070cf00000, 0x000000070cf00000, 0x000000070d000000|  0%| F|  |TAMS 0x000000070cf00000, 0x000000070cf00000| Untracked 
| 118|0x000000070d000000, 0x000000070d000000, 0x000000070d100000|  0%| F|  |TAMS 0x000000070d000000, 0x000000070d000000| Untracked 
| 119|0x000000070d100000, 0x000000070d100000, 0x000000070d200000|  0%| F|  |TAMS 0x000000070d100000, 0x000000070d100000| Untracked 
| 120|0x000000070d200000, 0x000000070d200000, 0x000000070d300000|  0%| F|  |TAMS 0x000000070d200000, 0x000000070d200000| Untracked 
| 121|0x000000070d300000, 0x000000070d300000, 0x000000070d400000|  0%| F|  |TAMS 0x000000070d300000, 0x000000070d300000| Untracked 
| 122|0x000000070d400000, 0x000000070d400000, 0x000000070d500000|  0%| F|  |TAMS 0x000000070d400000, 0x000000070d400000| Untracked 
| 123|0x000000070d500000, 0x000000070d500000, 0x000000070d600000|  0%| F|  |TAMS 0x000000070d500000, 0x000000070d500000| Untracked 
| 124|0x000000070d600000, 0x000000070d600000, 0x000000070d700000|  0%| F|  |TAMS 0x000000070d600000, 0x000000070d600000| Untracked 
| 125|0x000000070d700000, 0x000000070d700000, 0x000000070d800000|  0%| F|  |TAMS 0x000000070d700000, 0x000000070d700000| Untracked 
| 126|0x000000070d800000, 0x000000070d800000, 0x000000070d900000|  0%| F|  |TAMS 0x000000070d800000, 0x000000070d800000| Untracked 
| 127|0x000000070d900000, 0x000000070d900000, 0x000000070da00000|  0%| F|  |TAMS 0x000000070d900000, 0x000000070d900000| Untracked 
| 128|0x000000070da00000, 0x000000070da00000, 0x000000070db00000|  0%| F|  |TAMS 0x000000070da00000, 0x000000070da00000| Untracked 
| 129|0x000000070db00000, 0x000000070db00000, 0x000000070dc00000|  0%| F|  |TAMS 0x000000070db00000, 0x000000070db00000| Untracked 
| 130|0x000000070dc00000, 0x000000070dc00000, 0x000000070dd00000|  0%| F|  |TAMS 0x000000070dc00000, 0x000000070dc00000| Untracked 
| 131|0x000000070dd00000, 0x000000070dd00000, 0x000000070de00000|  0%| F|  |TAMS 0x000000070dd00000, 0x000000070dd00000| Untracked 
| 132|0x000000070de00000, 0x000000070de00000, 0x000000070df00000|  0%| F|  |TAMS 0x000000070de00000, 0x000000070de00000| Untracked 
| 133|0x000000070df00000, 0x000000070df00000, 0x000000070e000000|  0%| F|  |TAMS 0x000000070df00000, 0x000000070df00000| Untracked 
| 134|0x000000070e000000, 0x000000070e000000, 0x000000070e100000|  0%| F|  |TAMS 0x000000070e000000, 0x000000070e000000| Untracked 
| 135|0x000000070e100000, 0x000000070e100000, 0x000000070e200000|  0%| F|  |TAMS 0x000000070e100000, 0x000000070e100000| Untracked 
| 136|0x000000070e200000, 0x000000070e200000, 0x000000070e300000|  0%| F|  |TAMS 0x000000070e200000, 0x000000070e200000| Untracked 
| 137|0x000000070e300000, 0x000000070e300000, 0x000000070e400000|  0%| F|  |TAMS 0x000000070e300000, 0x000000070e300000| Untracked 
| 138|0x000000070e400000, 0x000000070e400000, 0x000000070e500000|  0%| F|  |TAMS 0x000000070e400000, 0x000000070e400000| Untracked 
| 139|0x000000070e500000, 0x000000070e500000, 0x000000070e600000|  0%| F|  |TAMS 0x000000070e500000, 0x000000070e500000| Untracked 
| 140|0x000000070e600000, 0x000000070e600000, 0x000000070e700000|  0%| F|  |TAMS 0x000000070e600000, 0x000000070e600000| Untracked 
| 141|0x000000070e700000, 0x000000070e700000, 0x000000070e800000|  0%| F|  |TAMS 0x000000070e700000, 0x000000070e700000| Untracked 
| 142|0x000000070e800000, 0x000000070e800000, 0x000000070e900000|  0%| F|  |TAMS 0x000000070e800000, 0x000000070e800000| Untracked 
| 143|0x000000070e900000, 0x000000070e900000, 0x000000070ea00000|  0%| F|  |TAMS 0x000000070e900000, 0x000000070e900000| Untracked 
| 144|0x000000070ea00000, 0x000000070ea00000, 0x000000070eb00000|  0%| F|  |TAMS 0x000000070ea00000, 0x000000070ea00000| Untracked 
| 145|0x000000070eb00000, 0x000000070eb00000, 0x000000070ec00000|  0%| F|  |TAMS 0x000000070eb00000, 0x000000070eb00000| Untracked 
| 146|0x000000070ec00000, 0x000000070ec00000, 0x000000070ed00000|  0%| F|  |TAMS 0x000000070ec00000, 0x000000070ec00000| Untracked 
| 147|0x000000070ed00000, 0x000000070ed00000, 0x000000070ee00000|  0%| F|  |TAMS 0x000000070ed00000, 0x000000070ed00000| Untracked 
| 148|0x000000070ee00000, 0x000000070ee00000, 0x000000070ef00000|  0%| F|  |TAMS 0x000000070ee00000, 0x000000070ee00000| Untracked 
| 149|0x000000070ef00000, 0x000000070ef00000, 0x000000070f000000|  0%| F|  |TAMS 0x000000070ef00000, 0x000000070ef00000| Untracked 
| 150|0x000000070f000000, 0x000000070f000000, 0x000000070f100000|  0%| F|  |TAMS 0x000000070f000000, 0x000000070f000000| Untracked 
| 151|0x000000070f100000, 0x000000070f100000, 0x000000070f200000|  0%| F|  |TAMS 0x000000070f100000, 0x000000070f100000| Untracked 
| 152|0x000000070f200000, 0x000000070f200000, 0x000000070f300000|  0%| F|  |TAMS 0x000000070f200000, 0x000000070f200000| Untracked 
| 153|0x000000070f300000, 0x000000070f300000, 0x000000070f400000|  0%| F|  |TAMS 0x000000070f300000, 0x000000070f300000| Untracked 
| 154|0x000000070f400000, 0x000000070f400000, 0x000000070f500000|  0%| F|  |TAMS 0x000000070f400000, 0x000000070f400000| Untracked 
| 155|0x000000070f500000, 0x000000070f500000, 0x000000070f600000|  0%| F|  |TAMS 0x000000070f500000, 0x000000070f500000| Untracked 
| 156|0x000000070f600000, 0x000000070f600000, 0x000000070f700000|  0%| F|  |TAMS 0x000000070f600000, 0x000000070f600000| Untracked 
| 157|0x000000070f700000, 0x000000070f700000, 0x000000070f800000|  0%| F|  |TAMS 0x000000070f700000, 0x000000070f700000| Untracked 
| 158|0x000000070f800000, 0x000000070f800000, 0x000000070f900000|  0%| F|  |TAMS 0x000000070f800000, 0x000000070f800000| Untracked 
| 159|0x000000070f900000, 0x000000070f900000, 0x000000070fa00000|  0%| F|  |TAMS 0x000000070f900000, 0x000000070f900000| Untracked 
| 160|0x000000070fa00000, 0x000000070fa00000, 0x000000070fb00000|  0%| F|  |TAMS 0x000000070fa00000, 0x000000070fa00000| Untracked 
| 161|0x000000070fb00000, 0x000000070fb00000, 0x000000070fc00000|  0%| F|  |TAMS 0x000000070fb00000, 0x000000070fb00000| Untracked 
| 162|0x000000070fc00000, 0x000000070fc00000, 0x000000070fd00000|  0%| F|  |TAMS 0x000000070fc00000, 0x000000070fc00000| Untracked 
| 163|0x000000070fd00000, 0x000000070fd00000, 0x000000070fe00000|  0%| F|  |TAMS 0x000000070fd00000, 0x000000070fd00000| Untracked 
| 164|0x000000070fe00000, 0x000000070fe00000, 0x000000070ff00000|  0%| F|  |TAMS 0x000000070fe00000, 0x000000070fe00000| Untracked 
| 165|0x000000070ff00000, 0x000000070ff00000, 0x0000000710000000|  0%| F|  |TAMS 0x000000070ff00000, 0x000000070ff00000| Untracked 
| 166|0x0000000710000000, 0x0000000710000000, 0x0000000710100000|  0%| F|  |TAMS 0x0000000710000000, 0x0000000710000000| Untracked 
| 167|0x0000000710100000, 0x0000000710100000, 0x0000000710200000|  0%| F|  |TAMS 0x0000000710100000, 0x0000000710100000| Untracked 
| 168|0x0000000710200000, 0x0000000710200000, 0x0000000710300000|  0%| F|  |TAMS 0x0000000710200000, 0x0000000710200000| Untracked 
| 169|0x0000000710300000, 0x0000000710300000, 0x0000000710400000|  0%| F|  |TAMS 0x0000000710300000, 0x0000000710300000| Untracked 
| 170|0x0000000710400000, 0x0000000710400000, 0x0000000710500000|  0%| F|  |TAMS 0x0000000710400000, 0x0000000710400000| Untracked 
| 171|0x0000000710500000, 0x0000000710500000, 0x0000000710600000|  0%| F|  |TAMS 0x0000000710500000, 0x0000000710500000| Untracked 
| 172|0x0000000710600000, 0x0000000710600000, 0x0000000710700000|  0%| F|  |TAMS 0x0000000710600000, 0x0000000710600000| Untracked 
| 173|0x0000000710700000, 0x0000000710700000, 0x0000000710800000|  0%| F|  |TAMS 0x0000000710700000, 0x0000000710700000| Untracked 
| 174|0x0000000710800000, 0x0000000710800000, 0x0000000710900000|  0%| F|  |TAMS 0x0000000710800000, 0x0000000710800000| Untracked 
| 175|0x0000000710900000, 0x0000000710900000, 0x0000000710a00000|  0%| F|  |TAMS 0x0000000710900000, 0x0000000710900000| Untracked 
| 176|0x0000000710a00000, 0x0000000710a00000, 0x0000000710b00000|  0%| F|  |TAMS 0x0000000710a00000, 0x0000000710a00000| Untracked 
| 177|0x0000000710b00000, 0x0000000710b00000, 0x0000000710c00000|  0%| F|  |TAMS 0x0000000710b00000, 0x0000000710b00000| Untracked 
| 178|0x0000000710c00000, 0x0000000710c00000, 0x0000000710d00000|  0%| F|  |TAMS 0x0000000710c00000, 0x0000000710c00000| Untracked 
| 179|0x0000000710d00000, 0x0000000710d00000, 0x0000000710e00000|  0%| F|  |TAMS 0x0000000710d00000, 0x0000000710d00000| Untracked 
| 180|0x0000000710e00000, 0x0000000710e00000, 0x0000000710f00000|  0%| F|  |TAMS 0x0000000710e00000, 0x0000000710e00000| Untracked 
| 181|0x0000000710f00000, 0x0000000710f00000, 0x0000000711000000|  0%| F|  |TAMS 0x0000000710f00000, 0x0000000710f00000| Untracked 
| 182|0x0000000711000000, 0x0000000711000000, 0x0000000711100000|  0%| F|  |TAMS 0x0000000711000000, 0x0000000711000000| Untracked 
| 183|0x0000000711100000, 0x0000000711100000, 0x0000000711200000|  0%| F|  |TAMS 0x0000000711100000, 0x0000000711100000| Untracked 
| 184|0x0000000711200000, 0x0000000711200000, 0x0000000711300000|  0%| F|  |TAMS 0x0000000711200000, 0x0000000711200000| Untracked 
| 185|0x0000000711300000, 0x0000000711300000, 0x0000000711400000|  0%| F|  |TAMS 0x0000000711300000, 0x0000000711300000| Untracked 
| 186|0x0000000711400000, 0x0000000711400000, 0x0000000711500000|  0%| F|  |TAMS 0x0000000711400000, 0x0000000711400000| Untracked 
| 187|0x0000000711500000, 0x0000000711500000, 0x0000000711600000|  0%| F|  |TAMS 0x0000000711500000, 0x0000000711500000| Untracked 
| 188|0x0000000711600000, 0x0000000711600000, 0x0000000711700000|  0%| F|  |TAMS 0x0000000711600000, 0x0000000711600000| Untracked 
| 189|0x0000000711700000, 0x0000000711700000, 0x0000000711800000|  0%| F|  |TAMS 0x0000000711700000, 0x0000000711700000| Untracked 
| 190|0x0000000711800000, 0x0000000711800000, 0x0000000711900000|  0%| F|  |TAMS 0x0000000711800000, 0x0000000711800000| Untracked 
| 191|0x0000000711900000, 0x0000000711900000, 0x0000000711a00000|  0%| F|  |TAMS 0x0000000711900000, 0x0000000711900000| Untracked 
| 192|0x0000000711a00000, 0x0000000711a00000, 0x0000000711b00000|  0%| F|  |TAMS 0x0000000711a00000, 0x0000000711a00000| Untracked 
| 193|0x0000000711b00000, 0x0000000711b00000, 0x0000000711c00000|  0%| F|  |TAMS 0x0000000711b00000, 0x0000000711b00000| Untracked 
| 194|0x0000000711c00000, 0x0000000711c00000, 0x0000000711d00000|  0%| F|  |TAMS 0x0000000711c00000, 0x0000000711c00000| Untracked 
| 195|0x0000000711d00000, 0x0000000711d00000, 0x0000000711e00000|  0%| F|  |TAMS 0x0000000711d00000, 0x0000000711d00000| Untracked 
| 196|0x0000000711e00000, 0x0000000711e00000, 0x0000000711f00000|  0%| F|  |TAMS 0x0000000711e00000, 0x0000000711e00000| Untracked 
| 197|0x0000000711f00000, 0x0000000711f00000, 0x0000000712000000|  0%| F|  |TAMS 0x0000000711f00000, 0x0000000711f00000| Untracked 
| 198|0x0000000712000000, 0x00000007120d3298, 0x0000000712100000| 82%| S|CS|TAMS 0x0000000712000000, 0x0000000712000000| Complete 
| 199|0x0000000712100000, 0x0000000712200000, 0x0000000712200000|100%| S|CS|TAMS 0x0000000712100000, 0x0000000712100000| Complete 
| 200|0x0000000712200000, 0x0000000712300000, 0x0000000712300000|100%| S|CS|TAMS 0x0000000712200000, 0x0000000712200000| Complete 
| 201|0x0000000712300000, 0x0000000712400000, 0x0000000712400000|100%| S|CS|TAMS 0x0000000712300000, 0x0000000712300000| Complete 
| 202|0x0000000712400000, 0x0000000712400000, 0x0000000712500000|  0%| F|  |TAMS 0x0000000712400000, 0x0000000712400000| Untracked 
| 203|0x0000000712500000, 0x0000000712500000, 0x0000000712600000|  0%| F|  |TAMS 0x0000000712500000, 0x0000000712500000| Untracked 
| 204|0x0000000712600000, 0x0000000712600000, 0x0000000712700000|  0%| F|  |TAMS 0x0000000712600000, 0x0000000712600000| Untracked 
| 205|0x0000000712700000, 0x0000000712700000, 0x0000000712800000|  0%| F|  |TAMS 0x0000000712700000, 0x0000000712700000| Untracked 
| 206|0x0000000712800000, 0x0000000712800000, 0x0000000712900000|  0%| F|  |TAMS 0x0000000712800000, 0x0000000712800000| Untracked 
| 207|0x0000000712900000, 0x0000000712900000, 0x0000000712a00000|  0%| F|  |TAMS 0x0000000712900000, 0x0000000712900000| Untracked 
| 208|0x0000000712a00000, 0x0000000712a00000, 0x0000000712b00000|  0%| F|  |TAMS 0x0000000712a00000, 0x0000000712a00000| Untracked 
| 209|0x0000000712b00000, 0x0000000712b00000, 0x0000000712c00000|  0%| F|  |TAMS 0x0000000712b00000, 0x0000000712b00000| Untracked 
| 210|0x0000000712c00000, 0x0000000712c00000, 0x0000000712d00000|  0%| F|  |TAMS 0x0000000712c00000, 0x0000000712c00000| Untracked 
| 211|0x0000000712d00000, 0x0000000712d00000, 0x0000000712e00000|  0%| F|  |TAMS 0x0000000712d00000, 0x0000000712d00000| Untracked 
| 212|0x0000000712e00000, 0x0000000712e00000, 0x0000000712f00000|  0%| F|  |TAMS 0x0000000712e00000, 0x0000000712e00000| Untracked 
| 213|0x0000000712f00000, 0x0000000712f00000, 0x0000000713000000|  0%| F|  |TAMS 0x0000000712f00000, 0x0000000712f00000| Untracked 
| 214|0x0000000713000000, 0x0000000713000000, 0x0000000713100000|  0%| F|  |TAMS 0x0000000713000000, 0x0000000713000000| Untracked 
| 215|0x0000000713100000, 0x0000000713100000, 0x0000000713200000|  0%| F|  |TAMS 0x0000000713100000, 0x0000000713100000| Untracked 
| 216|0x0000000713200000, 0x0000000713200000, 0x0000000713300000|  0%| F|  |TAMS 0x0000000713200000, 0x0000000713200000| Untracked 
| 217|0x0000000713300000, 0x0000000713300000, 0x0000000713400000|  0%| F|  |TAMS 0x0000000713300000, 0x0000000713300000| Untracked 
| 218|0x0000000713400000, 0x0000000713400000, 0x0000000713500000|  0%| F|  |TAMS 0x0000000713400000, 0x0000000713400000| Untracked 
| 219|0x0000000713500000, 0x0000000713500000, 0x0000000713600000|  0%| F|  |TAMS 0x0000000713500000, 0x0000000713500000| Untracked 
| 220|0x0000000713600000, 0x0000000713600000, 0x0000000713700000|  0%| F|  |TAMS 0x0000000713600000, 0x0000000713600000| Untracked 
| 221|0x0000000713700000, 0x0000000713700000, 0x0000000713800000|  0%| F|  |TAMS 0x0000000713700000, 0x0000000713700000| Untracked 
| 222|0x0000000713800000, 0x0000000713800000, 0x0000000713900000|  0%| F|  |TAMS 0x0000000713800000, 0x0000000713800000| Untracked 
| 223|0x0000000713900000, 0x0000000713900000, 0x0000000713a00000|  0%| F|  |TAMS 0x0000000713900000, 0x0000000713900000| Untracked 
| 224|0x0000000713a00000, 0x0000000713a00000, 0x0000000713b00000|  0%| F|  |TAMS 0x0000000713a00000, 0x0000000713a00000| Untracked 
| 225|0x0000000713b00000, 0x0000000713b00000, 0x0000000713c00000|  0%| F|  |TAMS 0x0000000713b00000, 0x0000000713b00000| Untracked 
| 226|0x0000000713c00000, 0x0000000713c00000, 0x0000000713d00000|  0%| F|  |TAMS 0x0000000713c00000, 0x0000000713c00000| Untracked 
| 227|0x0000000713d00000, 0x0000000713d00000, 0x0000000713e00000|  0%| F|  |TAMS 0x0000000713d00000, 0x0000000713d00000| Untracked 
| 228|0x0000000713e00000, 0x0000000713e00000, 0x0000000713f00000|  0%| F|  |TAMS 0x0000000713e00000, 0x0000000713e00000| Untracked 
| 229|0x0000000713f00000, 0x0000000713f00000, 0x0000000714000000|  0%| F|  |TAMS 0x0000000713f00000, 0x0000000713f00000| Untracked 
| 230|0x0000000714000000, 0x0000000714000000, 0x0000000714100000|  0%| F|  |TAMS 0x0000000714000000, 0x0000000714000000| Untracked 
| 231|0x0000000714100000, 0x0000000714100000, 0x0000000714200000|  0%| F|  |TAMS 0x0000000714100000, 0x0000000714100000| Untracked 
| 232|0x0000000714200000, 0x0000000714200000, 0x0000000714300000|  0%| F|  |TAMS 0x0000000714200000, 0x0000000714200000| Untracked 
| 233|0x0000000714300000, 0x0000000714300000, 0x0000000714400000|  0%| F|  |TAMS 0x0000000714300000, 0x0000000714300000| Untracked 
| 234|0x0000000714400000, 0x00000007144a6d18, 0x0000000714500000| 65%| E|  |TAMS 0x0000000714400000, 0x0000000714400000| Complete 
| 235|0x0000000714500000, 0x0000000714600000, 0x0000000714600000|100%| E|CS|TAMS 0x0000000714500000, 0x0000000714500000| Complete 
| 236|0x0000000714600000, 0x0000000714700000, 0x0000000714700000|100%| E|CS|TAMS 0x0000000714600000, 0x0000000714600000| Complete 
| 237|0x0000000714700000, 0x0000000714800000, 0x0000000714800000|100%| E|CS|TAMS 0x0000000714700000, 0x0000000714700000| Complete 
| 238|0x0000000714800000, 0x0000000714900000, 0x0000000714900000|100%| E|CS|TAMS 0x0000000714800000, 0x0000000714800000| Complete 
| 239|0x0000000714900000, 0x0000000714a00000, 0x0000000714a00000|100%| E|CS|TAMS 0x0000000714900000, 0x0000000714900000| Complete 
| 240|0x0000000714a00000, 0x0000000714b00000, 0x0000000714b00000|100%| E|CS|TAMS 0x0000000714a00000, 0x0000000714a00000| Complete 
| 241|0x0000000714b00000, 0x0000000714c00000, 0x0000000714c00000|100%| E|CS|TAMS 0x0000000714b00000, 0x0000000714b00000| Complete 
| 242|0x0000000714c00000, 0x0000000714d00000, 0x0000000714d00000|100%| E|CS|TAMS 0x0000000714c00000, 0x0000000714c00000| Complete 
| 243|0x0000000714d00000, 0x0000000714e00000, 0x0000000714e00000|100%| E|CS|TAMS 0x0000000714d00000, 0x0000000714d00000| Complete 
| 244|0x0000000714e00000, 0x0000000714f00000, 0x0000000714f00000|100%| E|CS|TAMS 0x0000000714e00000, 0x0000000714e00000| Complete 
| 245|0x0000000714f00000, 0x0000000715000000, 0x0000000715000000|100%| E|CS|TAMS 0x0000000714f00000, 0x0000000714f00000| Complete 
| 246|0x0000000715000000, 0x0000000715100000, 0x0000000715100000|100%| E|CS|TAMS 0x0000000715000000, 0x0000000715000000| Complete 
| 247|0x0000000715100000, 0x0000000715200000, 0x0000000715200000|100%| E|CS|TAMS 0x0000000715100000, 0x0000000715100000| Complete 
| 248|0x0000000715200000, 0x0000000715300000, 0x0000000715300000|100%| E|CS|TAMS 0x0000000715200000, 0x0000000715200000| Complete 
| 249|0x0000000715300000, 0x0000000715400000, 0x0000000715400000|100%| E|CS|TAMS 0x0000000715300000, 0x0000000715300000| Complete 
| 250|0x0000000715400000, 0x0000000715500000, 0x0000000715500000|100%| E|CS|TAMS 0x0000000715400000, 0x0000000715400000| Complete 
| 251|0x0000000715500000, 0x0000000715600000, 0x0000000715600000|100%| E|CS|TAMS 0x0000000715500000, 0x0000000715500000| Complete 
|2980|0x00000007bfe00000, 0x00000007bfe47000, 0x00000007bff00000| 27%|OA|  |TAMS 0x00000007bfe00000, 0x00000007bfe00000| Untracked 
|2981|0x00000007bff00000, 0x00000007bff6a000, 0x00000007c0000000| 41%|CA|  |TAMS 0x00000007bff00000, 0x00000007bff00000| Untracked 

Card table byte_map: [0x00007f87fb82d000,0x00007f87fc000000] _byte_map_base: 0x00007f87f8000000

Marking Bits (Prev, Next): (CMBitMap*) 0x00007f881807c698, (CMBitMap*) 0x00007f881807c6d0
 Prev Bits: [0x00007f87f71c2000, 0x00007f87fb05a000)
 Next Bits: [0x00007f87f332a000, 0x00007f87f71c2000)

Polling page: 0x00007f881e92e000

Metaspace:

Usage:
  Non-class:     11,16 MB capacity,    10,85 MB ( 97%) used,   260,23 KB (  2%) free+waste,    49,50 KB ( <1%) overhead. 
      Class:      1,86 MB capacity,     1,65 MB ( 89%) used,   187,16 KB ( 10%) free+waste,    26,50 KB (  1%) overhead. 
       Both:     13,01 MB capacity,    12,50 MB ( 96%) used,   447,39 KB (  3%) free+waste,    76,00 KB ( <1%) overhead. 

Virtual space:
  Non-class space:       12,00 MB reserved,      11,25 MB ( 94%) committed 
      Class space:        1,00 GB reserved,       1,88 MB ( <1%) committed 
             Both:        1,01 GB reserved,      13,12 MB (  1%) committed 

Chunk freelists:
   Non-Class:  32,00 KB
       Class:  18,00 KB
        Both:  50,00 KB

MaxMetaspaceSize: unlimited
CompressedClassSpaceSize: 1,00 GB

CodeHeap 'non-profiled nmethods': size=120032Kb used=661Kb max_used=661Kb free=119370Kb
 bounds [0x00007f88083d8000, 0x00007f8808648000, 0x00007f880f910000]
CodeHeap 'profiled nmethods': size=120028Kb used=3290Kb max_used=3290Kb free=116737Kb
 bounds [0x00007f8800ea1000, 0x00007f88011e1000, 0x00007f88083d8000]
CodeHeap 'non-nmethods': size=5700Kb used=1145Kb max_used=1171Kb free=4554Kb
 bounds [0x00007f8800910000, 0x00007f8800b80000, 0x00007f8800ea1000]
 total_blobs=2609 nmethods=1718 adapters=392
 compilation: enabled
              stopped_count=0, restarted_count=0
 full_count=0

Compilation events (20 events):
Event: 0,714 Thread 0x00007f88181dc800 nmethod 1704 0x00007f88011d6190 code [0x00007f88011d6340, 0x00007f88011d6510]
Event: 0,714 Thread 0x00007f88181dc800 1705       3       java.util.Collections$UnmodifiableMap::containsKey (11 bytes)
Event: 0,714 Thread 0x00007f88181dc800 nmethod 1705 0x00007f88011d6590 code [0x00007f88011d6760, 0x00007f88011d69c8]
Event: 0,714 Thread 0x00007f88181dc800 1703       3       org.springframework.boot.context.properties.source.DefaultPropertyMapper$LastMapping::isFrom (9 bytes)
Event: 0,714 Thread 0x00007f88181dc800 nmethod 1703 0x00007f88011d6a90 code [0x00007f88011d6c40, 0x00007f88011d6e08]
Event: 0,714 Thread 0x00007f88181dc800 1710       1       org.springframework.boot.context.properties.source.SpringIterableConfigurationPropertySource$Cache::getMappings (5 bytes)
Event: 0,715 Thread 0x00007f88181dc800 nmethod 1710 0x00007f8808473990 code [0x00007f8808473b40, 0x00007f8808473c70]
Event: 0,715 Thread 0x00007f88181dc800 1711       1       org.springframework.boot.context.properties.source.DefaultPropertyMapper$LastMapping::getMapping (5 bytes)
Event: 0,715 Thread 0x00007f88181dc800 nmethod 1711 0x00007f8808473d10 code [0x00007f8808473ec0, 0x00007f8808473ff0]
Event: 0,715 Thread 0x00007f88181dc800 1712       1       org.springframework.boot.context.properties.source.ConfigurationPropertyName$Elements::getSource (5 bytes)
Event: 0,715 Thread 0x00007f88181dc800 nmethod 1712 0x00007f8808474090 code [0x00007f8808474240, 0x00007f8808474370]
Event: 0,715 Thread 0x00007f88181dc800 1701       1       org.springframework.boot.context.properties.source.SpringConfigurationPropertySource::getUnderlyingSource (5 bytes)
Event: 0,715 Thread 0x00007f88181dc800 nmethod 1701 0x00007f8808474410 code [0x00007f88084745c0, 0x00007f88084746f0]
Event: 0,715 Thread 0x00007f88181dc800 1713       3       java.util.concurrent.CopyOnWriteArrayList$COWIterator::next (32 bytes)
Event: 0,715 Thread 0x00007f88181dc800 nmethod 1713 0x00007f88011d6e90 code [0x00007f88011d7060, 0x00007f88011d73e8]
Event: 0,715 Thread 0x00007f88181dc800 1714       3       org.springframework.boot.context.properties.source.ConfigurationPropertyName$ElementsParser::isAlphaNumeric (20 bytes)
Event: 0,715 Thread 0x00007f88181dc800 nmethod 1714 0x00007f88011d7510 code [0x00007f88011d76e0, 0x00007f88011d7a90]
Event: 0,715 Thread 0x00007f88181dc800 1691       1       java.util.stream.ReferencePipeline$StatelessOp::opIsStateful (2 bytes)
Event: 0,715 Thread 0x00007f88181dc800 nmethod 1691 0x00007f8808474790 code [0x00007f8808474940, 0x00007f8808474a70]
Event: 0,715 Thread 0x00007f88181dc800 1715       3       org.springframework.boot.context.properties.source.SpringConfigurationPropertySources$SourcesIterator::hasNext (13 bytes)

GC Heap History (4 events):
Event: 0,494 GC heap before
{Heap before GC invocations=0 (full 0):
 garbage-first heap   total 260096K, used 25284K [0x0000000705a00000, 0x0000000800000000)
  region size 1024K, 24 young (24576K), 0 survivors (0K)
 Metaspace       used 7742K, capacity 8159K, committed 8320K, reserved 1056768K
  class space    used 893K, capacity 1048K, committed 1152K, reserved 1048576K
}
Event: 0,504 GC heap after
{Heap after GC invocations=1 (full 0):
 garbage-first heap   total 260096K, used 7329K [0x0000000705a00000, 0x0000000800000000)
  region size 1024K, 3 young (3072K), 3 survivors (3072K)
 Metaspace       used 7742K, capacity 8159K, committed 8320K, reserved 1056768K
  class space    used 893K, capacity 1048K, committed 1152K, reserved 1048576K
}
Event: 0,626 GC heap before
{Heap before GC invocations=1 (full 0):
 garbage-first heap   total 260096K, used 54433K [0x0000000705a00000, 0x0000000800000000)
  region size 1024K, 50 young (51200K), 3 survivors (3072K)
 Metaspace       used 9824K, capacity 10297K, committed 10624K, reserved 1058816K
  class space    used 1161K, capacity 1340K, committed 1408K, reserved 1048576K
}
Event: 0,632 GC heap after
{Heap after GC invocations=2 (full 0):
 garbage-first heap   total 260096K, used 8173K [0x0000000705a00000, 0x0000000800000000)
  region size 1024K, 4 young (4096K), 4 survivors (4096K)
 Metaspace       used 9824K, capacity 10297K, committed 10624K, reserved 1058816K
  class space    used 1161K, capacity 1340K, committed 1408K, reserved 1048576K
}

Deoptimization events (20 events):
Event: 0,602 Thread 0x00007f877c01f000 DEOPT PACKING pc=0x00007f8808458300 sp=0x00007f87d1e04f20
Event: 0,602 Thread 0x00007f877c01f000 DEOPT UNPACKING pc=0x00007f8800938aa5 sp=0x00007f87d1e04e80 mode 2
Event: 0,616 Thread 0x00007f877c01f000 Uncommon trap: trap_request=0xffffff4d fr.pc=0x00007f880844fb28 relative=0x0000000000000068
Event: 0,616 Thread 0x00007f877c01f000 Uncommon trap: reason=unstable_if action=reinterpret pc=0x00007f880844fb28 method=sun.net.www.ParseUtil.firstEncodeIndex(Ljava/lang/String;)I @ 51 c2
Event: 0,616 Thread 0x00007f877c01f000 DEOPT PACKING pc=0x00007f880844fb28 sp=0x00007f87d1e03d50
Event: 0,616 Thread 0x00007f877c01f000 DEOPT UNPACKING pc=0x00007f8800938aa5 sp=0x00007f87d1e03cf8 mode 2
Event: 0,616 Thread 0x00007f877c01f000 Uncommon trap: trap_request=0xffffff4d fr.pc=0x00007f880844bb70 relative=0x0000000000000090
Event: 0,616 Thread 0x00007f877c01f000 Uncommon trap: reason=unstable_if action=reinterpret pc=0x00007f880844bb70 method=sun.net.www.ParseUtil.firstEncodeIndex(Ljava/lang/String;)I @ 51 c2
Event: 0,616 Thread 0x00007f877c01f000 DEOPT PACKING pc=0x00007f880844bb70 sp=0x00007f87d1e03d50
Event: 0,616 Thread 0x00007f877c01f000 DEOPT UNPACKING pc=0x00007f8800938aa5 sp=0x00007f87d1e03cf8 mode 2
Event: 0,637 Thread 0x00007f877c01f000 DEOPT PACKING pc=0x00007f88010f3c40 sp=0x00007f87d1e01540
Event: 0,637 Thread 0x00007f877c01f000 DEOPT UNPACKING pc=0x00007f88009388ba sp=0x00007f87d1e00a78 mode 0
Event: 0,664 Thread 0x00007f877c01f000 DEOPT PACKING pc=0x00007f88010f3c40 sp=0x00007f87d1e049f0
Event: 0,664 Thread 0x00007f877c01f000 DEOPT UNPACKING pc=0x00007f88009388ba sp=0x00007f87d1e03f28 mode 0
Event: 0,680 Thread 0x00007f877c01f000 DEOPT PACKING pc=0x00007f88010f3c40 sp=0x00007f87d1e03ca0
Event: 0,680 Thread 0x00007f877c01f000 DEOPT UNPACKING pc=0x00007f88009388ba sp=0x00007f87d1e031d8 mode 0
Event: 0,702 Thread 0x00007f8788002800 Uncommon trap: trap_request=0xffffffcc fr.pc=0x00007f88084711f0 relative=0x0000000000000330
Event: 0,702 Thread 0x00007f8788002800 Uncommon trap: reason=intrinsic_or_type_checked_inlining action=make_not_entrant pc=0x00007f88084711f0 method=java.util.Arrays.copyOf([Ljava/lang/Object;ILjava/lang/Class;)[Ljava/lang/Object; @ 35 c2
Event: 0,702 Thread 0x00007f8788002800 DEOPT PACKING pc=0x00007f88084711f0 sp=0x00007f87d1f05900
Event: 0,702 Thread 0x00007f8788002800 DEOPT UNPACKING pc=0x00007f8800938aa5 sp=0x00007f87d1f05890 mode 2

Classes redefined (0 events):
No events

Internal exceptions (20 events):
Event: 0,459 Thread 0x00007f8818016000 Exception <a 'java/lang/NoSuchMethodError'{0x00000007142c7170}: 'java.lang.Object java.lang.invoke.DirectMethodHandle$Holder.invokeVirtual(java.lang.Object, java.lang.Object, java.lang.Object)'> (0x00000007142c7170) thrown at [/build/openjdk-lts-8qwrHH/op
Event: 0,463 Thread 0x00007f8818016000 Exception <a 'java/lang/NoSuchMethodError'{0x0000000714111dd0}: 'void java.lang.invoke.DirectMethodHandle$Holder.invokeSpecial(java.lang.Object, java.lang.Object)'> (0x0000000714111dd0) thrown at [/build/openjdk-lts-8qwrHH/openjdk-lts-11.0.6+10/src/hotspo
Event: 0,567 Thread 0x00007f8788002800 Exception <a 'java/lang/NoSuchMethodError'{0x0000000712a2f438}: 'java.lang.Object java.lang.invoke.DirectMethodHandle$Holder.invokeStatic(java.lang.Object, java.lang.Object, java.lang.Object, java.lang.Object, java.lang.Object, java.lang.Object, java.lang
Event: 0,568 Thread 0x00007f8788002800 Exception <a 'java/lang/NoSuchMethodError'{0x0000000712a3d1a8}: 'java.lang.Object java.lang.invoke.DirectMethodHandle$Holder.invokeStatic(java.lang.Object, java.lang.Object, java.lang.Object, java.lang.Object, java.lang.Object, java.lang.Object, java.lang
Event: 0,569 Thread 0x00007f8788002800 Exception <a 'java/lang/NoSuchMethodError'{0x0000000712a4e130}: 'java.lang.Object java.lang.invoke.DirectMethodHandle$Holder.invokeSpecial(java.lang.Object, java.lang.Object, int, int, java.lang.Object, java.lang.Object, java.lang.Object, java.lang.Object
Event: 0,569 Thread 0x00007f8788002800 Exception <a 'java/lang/NoSuchMethodError'{0x0000000712a51868}: 'java.lang.Object java.lang.invoke.DelegatingMethodHandle$Holder.reinvoke_L(java.lang.Object, int, int, java.lang.Object, java.lang.Object, java.lang.Object, java.lang.Object)'> (0x0000000712
Event: 0,570 Thread 0x00007f8788002800 Exception <a 'java/lang/NoSuchMethodError'{0x0000000712a60220}: 'java.lang.Object java.lang.invoke.DirectMethodHandle$Holder.invokeStatic(java.lang.Object, java.lang.Object, java.lang.Object, java.lang.Object, java.lang.Object, java.lang.Object, int)'> (0
Event: 0,579 Thread 0x00007f8788002800 Exception <a 'java/io/FileNotFoundException'{0x000000071296a988}> (0x000000071296a988) thrown at [/build/openjdk-lts-8qwrHH/openjdk-lts-11.0.6+10/src/hotspot/share/prims/jni.cpp, line 615]
Event: 0,595 Thread 0x00007f877c01f000 Implicit null exception at 0x00007f880840e02e to 0x00007f880840ef76
Event: 0,652 Thread 0x00007f8788002800 Exception <a 'java/lang/NoSuchMethodError'{0x00000007154b24e0}: 'java.lang.Object java.lang.invoke.DirectMethodHandle$Holder.invokeStatic(java.lang.Object, java.lang.Object, int, java.lang.Object)'> (0x00000007154b24e0) thrown at [/build/openjdk-lts-8qwrH
Event: 0,652 Thread 0x00007f8788002800 Exception <a 'java/lang/NoSuchMethodError'{0x00000007154b8fb8}: 'java.lang.Object java.lang.invoke.Invokers$Holder.linkToTargetMethod(java.lang.Object, int, java.lang.Object, java.lang.Object)'> (0x00000007154b8fb8) thrown at [/build/openjdk-lts-8qwrHH/op
Event: 0,655 Thread 0x00007f8788002800 Exception <a 'java/lang/NoSuchMethodError'{0x000000071530b4a8}: 'void java.lang.invoke.DirectMethodHandle$Holder.invokeSpecial(java.lang.Object, java.lang.Object, java.lang.Object, java.lang.Object, java.lang.Object, java.lang.Object)'> (0x000000071530b4a
Event: 0,657 Thread 0x00007f8788002800 Exception <a 'java/lang/NoSuchMethodError'{0x000000071531ecb8}: 'java.lang.Object java.lang.invoke.Invokers$Holder.linkToTargetMethod(java.lang.Object, java.lang.Object, java.lang.Object, java.lang.Object, java.lang.Object, java.lang.Object)'> (0x00000007
Event: 0,658 Thread 0x00007f8788002800 Exception <a 'java/lang/NoSuchMethodError'{0x0000000715322868}: 'int java.lang.invoke.DirectMethodHandle$Holder.invokeSpecial(java.lang.Object, java.lang.Object, java.lang.Object, java.lang.Object)'> (0x0000000715322868) thrown at [/build/openjdk-lts-8qwr
Event: 0,677 Thread 0x00007f8788002800 Exception <a 'java/lang/NoSuchMethodError'{0x0000000714f309b8}: 'java.lang.Object java.lang.invoke.DirectMethodHandle$Holder.invokeSpecial(java.lang.Object, java.lang.Object, java.lang.Object, java.lang.Object, java.lang.Object, java.lang.Object, int)'> (
Event: 0,678 Thread 0x00007f8788002800 Exception <a 'java/lang/NoSuchMethodError'{0x0000000714f3a418}: 'java.lang.Object java.lang.invoke.DirectMethodHandle$Holder.invokeSpecial(java.lang.Object, java.lang.Object, java.lang.Object, java.lang.Object, java.lang.Object, java.lang.Object, java.lan
Event: 0,678 Thread 0x00007f8788002800 Exception <a 'java/lang/NoSuchMethodError'{0x0000000714f3e2c0}: 'java.lang.Object java.lang.invoke.Invokers$Holder.linkToTargetMethod(java.lang.Object, java.lang.Object, java.lang.Object, java.lang.Object, java.lang.Object, int, java.lang.Object)'> (0x000
Event: 0,684 Thread 0x00007f8788002800 Exception <a 'java/lang/NoSuchMethodError'{0x0000000714e45700}: 'int java.lang.invoke.DirectMethodHandle$Holder.invokeSpecialIFC(java.lang.Object, java.lang.Object, int)'> (0x0000000714e45700) thrown at [/build/openjdk-lts-8qwrHH/openjdk-lts-11.0.6+10/src
Event: 0,689 Thread 0x00007f8788002800 Exception <a 'java/lang/NoSuchMethodError'{0x0000000714d0af00}: 'void java.lang.invoke.DirectMethodHandle$Holder.invokeStatic(java.lang.Object, java.lang.Object, java.lang.Object, java.lang.Object)'> (0x0000000714d0af00) thrown at [/build/openjdk-lts-8qwr
Event: 0,707 Thread 0x00007f8788002800 Exception <a 'java/lang/NoSuchMethodError'{0x0000000714abf508}: 'void java.lang.invoke.DirectMethodHandle$Holder.invokeStaticInit(java.lang.Object, java.lang.Object)'> (0x0000000714abf508) thrown at [/build/openjdk-lts-8qwrHH/openjdk-lts-11.0.6+10/src/hot

Events (20 events):
Event: 0,715 loading class org/hibernate/validator/internal/constraintvalidators/bv/time/pastorpresent/PastOrPresentValidatorForMinguoDate
Event: 0,715 loading class org/hibernate/validator/internal/constraintvalidators/bv/time/pastorpresent/PastOrPresentValidatorForMinguoDate done
Event: 0,715 loading class org/hibernate/validator/internal/constraintvalidators/bv/time/pastorpresent/PastOrPresentValidatorForMonthDay
Event: 0,715 loading class org/hibernate/validator/internal/constraintvalidators/bv/time/pastorpresent/PastOrPresentValidatorForMonthDay done
Event: 0,715 loading class org/hibernate/validator/internal/constraintvalidators/bv/time/pastorpresent/PastOrPresentValidatorForOffsetDateTime
Event: 0,715 loading class org/hibernate/validator/internal/constraintvalidators/bv/time/pastorpresent/PastOrPresentValidatorForOffsetDateTime done
Event: 0,715 loading class org/hibernate/validator/internal/constraintvalidators/bv/time/pastorpresent/PastOrPresentValidatorForOffsetTime
Event: 0,715 loading class org/hibernate/validator/internal/constraintvalidators/bv/time/pastorpresent/PastOrPresentValidatorForOffsetTime done
Event: 0,715 loading class org/hibernate/validator/internal/constraintvalidators/bv/time/pastorpresent/PastOrPresentValidatorForThaiBuddhistDate
Event: 0,715 loading class org/hibernate/validator/internal/constraintvalidators/bv/time/pastorpresent/PastOrPresentValidatorForThaiBuddhistDate done
Event: 0,715 loading class org/hibernate/validator/internal/constraintvalidators/bv/time/pastorpresent/PastOrPresentValidatorForYear
Event: 0,715 loading class org/hibernate/validator/internal/constraintvalidators/bv/time/pastorpresent/PastOrPresentValidatorForYear done
Event: 0,715 loading class org/hibernate/validator/internal/constraintvalidators/bv/time/pastorpresent/PastOrPresentValidatorForYearMonth
Event: 0,715 loading class org/hibernate/validator/internal/constraintvalidators/bv/time/pastorpresent/PastOrPresentValidatorForYearMonth done
Event: 0,715 loading class org/springframework/boot/logging/LoggingInitializationContext
Event: 0,715 loading class org/springframework/boot/logging/LoggingInitializationContext done
Event: 0,715 loading class org/hibernate/validator/internal/constraintvalidators/bv/time/pastorpresent/PastOrPresentValidatorForZonedDateTime
Event: 0,715 loading class org/hibernate/validator/internal/constraintvalidators/bv/time/pastorpresent/PastOrPresentValidatorForZonedDateTime done
Event: 0,715 loading class javax/validation/constraints/PastOrPresent
Event: 0,715 loading class javax/validation/constraints/PastOrPresent done


Dynamic libraries:
705a00000-715600000 rw-p 00000000 00:00 0 
715600000-7bfe00000 ---p 00000000 00:00 0 
7bfe00000-7bfe47000 rw-p 01105000 08:35 11016285                         /usr/lib/jvm/java-11-openjdk-amd64/lib/server/classes.jsa
7bfe47000-7bff00000 rw-p 00000000 00:00 0 
7bff00000-7bff6a000 rw-p 0109b000 08:35 11016285                         /usr/lib/jvm/java-11-openjdk-amd64/lib/server/classes.jsa
7bff6a000-7c0000000 rw-p 00000000 00:00 0 
7c0000000-800000000 ---p 00000000 00:00 0 
800000000-800002000 rwxp 00001000 08:35 11016285                         /usr/lib/jvm/java-11-openjdk-amd64/lib/server/classes.jsa
800002000-8003b8000 rw-p 00003000 08:35 11016285                         /usr/lib/jvm/java-11-openjdk-amd64/lib/server/classes.jsa
8003b8000-800a8d000 r--p 003b9000 08:35 11016285                         /usr/lib/jvm/java-11-openjdk-amd64/lib/server/classes.jsa
800a8d000-800a8e000 rw-p 00a8e000 08:35 11016285                         /usr/lib/jvm/java-11-openjdk-amd64/lib/server/classes.jsa
800a8e000-80109a000 r--p 00a8f000 08:35 11016285                         /usr/lib/jvm/java-11-openjdk-amd64/lib/server/classes.jsa
840000000-8401e0000 rw-p 00000000 00:00 0 
8401e0000-880000000 ---p 00000000 00:00 0 
5585404ee000-5585404ef000 r--p 00000000 08:35 11012990                   /usr/lib/jvm/java-11-openjdk-amd64/bin/java
5585404ef000-5585404f0000 r-xp 00001000 08:35 11012990                   /usr/lib/jvm/java-11-openjdk-amd64/bin/java
5585404f0000-5585404f1000 r--p 00002000 08:35 11012990                   /usr/lib/jvm/java-11-openjdk-amd64/bin/java
5585404f1000-5585404f2000 r--p 00002000 08:35 11012990                   /usr/lib/jvm/java-11-openjdk-amd64/bin/java
5585404f2000-5585404f3000 rw-p 00003000 08:35 11012990                   /usr/lib/jvm/java-11-openjdk-amd64/bin/java
558540f18000-558540f39000 rw-p 00000000 00:00 0                          [heap]
7f876c000000-7f876c021000 rw-p 00000000 00:00 0 
7f876c021000-7f8770000000 ---p 00000000 00:00 0 
7f8774000000-7f8774021000 rw-p 00000000 00:00 0 
7f8774021000-7f8778000000 ---p 00000000 00:00 0 
7f8778000000-7f8778021000 rw-p 00000000 00:00 0 
7f8778021000-7f877c000000 ---p 00000000 00:00 0 
7f877c000000-7f877c0c5000 rw-p 00000000 00:00 0 
7f877c0c5000-7f8780000000 ---p 00000000 00:00 0 
7f8780000000-7f878010c000 rw-p 00000000 00:00 0 
7f878010c000-7f8784000000 ---p 00000000 00:00 0 
7f8784000000-7f8784021000 rw-p 00000000 00:00 0 
7f8784021000-7f8788000000 ---p 00000000 00:00 0 
7f8788000000-7f8788021000 rw-p 00000000 00:00 0 
7f8788021000-7f878c000000 ---p 00000000 00:00 0 
7f878c000000-7f878c021000 rw-p 00000000 00:00 0 
7f878c021000-7f8790000000 ---p 00000000 00:00 0 
7f8790000000-7f8790021000 rw-p 00000000 00:00 0 
7f8790021000-7f8794000000 ---p 00000000 00:00 0 
7f8794000000-7f8794021000 rw-p 00000000 00:00 0 
7f8794021000-7f8798000000 ---p 00000000 00:00 0 
7f8798000000-7f8798021000 rw-p 00000000 00:00 0 
7f8798021000-7f879c000000 ---p 00000000 00:00 0 
7f879c000000-7f879c424000 rw-p 00000000 00:00 0 
7f879c424000-7f87a0000000 ---p 00000000 00:00 0 
7f87a0000000-7f87a0021000 rw-p 00000000 00:00 0 
7f87a0021000-7f87a4000000 ---p 00000000 00:00 0 
7f87a4000000-7f87a4021000 rw-p 00000000 00:00 0 
7f87a4021000-7f87a8000000 ---p 00000000 00:00 0 
7f87a8000000-7f87a8021000 rw-p 00000000 00:00 0 
7f87a8021000-7f87ac000000 ---p 00000000 00:00 0 
7f87ac000000-7f87ac021000 rw-p 00000000 00:00 0 
7f87ac021000-7f87b0000000 ---p 00000000 00:00 0 
7f87b0000000-7f87b0021000 rw-p 00000000 00:00 0 
7f87b0021000-7f87b4000000 ---p 00000000 00:00 0 
7f87b4000000-7f87b43ab000 rw-p 00000000 00:00 0 
7f87b43ab000-7f87b8000000 ---p 00000000 00:00 0 
7f87b8000000-7f87b8021000 rw-p 00000000 00:00 0 
7f87b8021000-7f87bc000000 ---p 00000000 00:00 0 
7f87bc000000-7f87bc021000 rw-p 00000000 00:00 0 
7f87bc021000-7f87c0000000 ---p 00000000 00:00 0 
7f87c0000000-7f87c0021000 rw-p 00000000 00:00 0 
7f87c0021000-7f87c4000000 ---p 00000000 00:00 0 
7f87c4000000-7f87c4360000 rw-p 00000000 00:00 0 
7f87c4360000-7f87c8000000 ---p 00000000 00:00 0 
7f87c8000000-7f87c837a000 rw-p 00000000 00:00 0 
7f87c837a000-7f87cc000000 ---p 00000000 00:00 0 
7f87cc000000-7f87cc021000 rw-p 00000000 00:00 0 
7f87cc021000-7f87d0000000 ---p 00000000 00:00 0 
7f87d1600000-7f87d1740000 rw-p 00000000 00:00 0 
7f87d1740000-7f87d1800000 ---p 00000000 00:00 0 
7f87d1800000-7f87d1801000 ---p 00000000 00:00 0 
7f87d1801000-7f87d1902000 rw-p 00000000 00:00 0 
7f87d1902000-7f87d1903000 ---p 00000000 00:00 0 
7f87d1903000-7f87d1a04000 rw-p 00000000 00:00 0 
7f87d1a04000-7f87d1a05000 ---p 00000000 00:00 0 
7f87d1a05000-7f87d1d06000 rw-p 00000000 00:00 0 
7f87d1d06000-7f87d1d0a000 ---p 00000000 00:00 0 
7f87d1d0a000-7f87d1e07000 rw-p 00000000 00:00 0 
7f87d1e07000-7f87d1e0b000 ---p 00000000 00:00 0 
7f87d1e0b000-7f87d1f08000 rw-p 00000000 00:00 0 
7f87d1f08000-7f87d1f0c000 ---p 00000000 00:00 0 
7f87d1f0c000-7f87d2009000 rw-p 00000000 00:00 0 
7f87d2009000-7f87d200a000 ---p 00000000 00:00 0 
7f87d200a000-7f87d210b000 rw-p 00000000 00:00 0 
7f87d210b000-7f87d210c000 ---p 00000000 00:00 0 
7f87d210c000-7f87d220d000 rw-p 00000000 00:00 0 
7f87d220d000-7f87d220e000 ---p 00000000 00:00 0 
7f87d220e000-7f87d230f000 rw-p 00000000 00:00 0 
7f87d230f000-7f87d2310000 ---p 00000000 00:00 0 
7f87d2310000-7f87d2411000 rw-p 00000000 00:00 0 
7f87d2411000-7f87d2412000 ---p 00000000 00:00 0 
7f87d2412000-7f87d2513000 rw-p 00000000 00:00 0 
7f87d2513000-7f87d2514000 ---p 00000000 00:00 0 
7f87d2514000-7f87d2615000 rw-p 00000000 00:00 0 
7f87d2615000-7f87d2619000 ---p 00000000 00:00 0 
7f87d2619000-7f87d2716000 rw-p 00000000 00:00 0 
7f87d2716000-7f87d2717000 ---p 00000000 00:00 0 
7f87d2717000-7f87d2818000 rw-p 00000000 00:00 0 
7f87d2818000-7f87d281c000 ---p 00000000 00:00 0 
7f87d281c000-7f87d2919000 rw-p 00000000 00:00 0 
7f87d2919000-7f87d291d000 ---p 00000000 00:00 0 
7f87d291d000-7f87d2a1a000 rw-p 00000000 00:00 0 
7f87d2a1a000-7f87d2a1e000 ---p 00000000 00:00 0 
7f87d2a1e000-7f87d2b1b000 rw-p 00000000 00:00 0 
7f87d2b1b000-7f87d2b1f000 ---p 00000000 00:00 0 
7f87d2b1f000-7f87d2c1c000 rw-p 00000000 00:00 0 
7f87d2c1c000-7f87d2c20000 ---p 00000000 00:00 0 
7f87d2c20000-7f87d2d1d000 rw-p 00000000 00:00 0 
7f87d2d1d000-7f87d2d21000 ---p 00000000 00:00 0 
7f87d2d21000-7f87d2e1e000 rw-p 00000000 00:00 0 
7f87d2e1e000-7f87d2e22000 ---p 00000000 00:00 0 
7f87d2e22000-7f87d2f1f000 rw-p 00000000 00:00 0 
7f87d2f1f000-7f87d2f23000 ---p 00000000 00:00 0 
7f87d2f23000-7f87d3020000 rw-p 00000000 00:00 0 
7f87d3020000-7f87d3024000 ---p 00000000 00:00 0 
7f87d3024000-7f87d3121000 rw-p 00000000 00:00 0 
7f87d3121000-7f87d3125000 ---p 00000000 00:00 0 
7f87d3125000-7f87d3222000 rw-p 00000000 00:00 0 
7f87d3222000-7f87d4000000 r--p 00000000 08:35 11017254                   /usr/lib/locale/locale-archive
7f87d4000000-7f87d4021000 rw-p 00000000 00:00 0 
7f87d4021000-7f87d8000000 ---p 00000000 00:00 0 
7f87d8000000-7f87d8021000 rw-p 00000000 00:00 0 
7f87d8021000-7f87dc000000 ---p 00000000 00:00 0 
7f87dc000000-7f87dc021000 rw-p 00000000 00:00 0 
7f87dc021000-7f87e0000000 ---p 00000000 00:00 0 
7f87e0000000-7f87e0021000 rw-p 00000000 00:00 0 
7f87e0021000-7f87e4000000 ---p 00000000 00:00 0 
7f87e4000000-7f87e4021000 rw-p 00000000 00:00 0 
7f87e4021000-7f87e8000000 ---p 00000000 00:00 0 
7f87e8000000-7f87e8021000 rw-p 00000000 00:00 0 
7f87e8021000-7f87ec000000 ---p 00000000 00:00 0 
7f87ec000000-7f87ec021000 rw-p 00000000 00:00 0 
7f87ec021000-7f87f0000000 ---p 00000000 00:00 0 
7f87f001b000-7f87f0041000 r--p 00000000 08:35 13240251                   /usr/share/locale-langpack/pt_BR/LC_MESSAGES/libc.mo
7f87f0041000-7f87f0045000 ---p 00000000 00:00 0 
7f87f0045000-7f87f0142000 rw-p 00000000 00:00 0 
7f87f0142000-7f87f0146000 ---p 00000000 00:00 0 
7f87f0146000-7f87f0243000 rw-p 00000000 00:00 0 
7f87f0243000-7f87f0244000 ---p 00000000 00:00 0 
7f87f0244000-7f87f0c21000 rw-p 00000000 00:00 0 
7f87f0c21000-7f87f0c22000 ---p 00000000 00:00 0 
7f87f0c22000-7f87f0d23000 rw-p 00000000 00:00 0 
7f87f0d23000-7f87f0d24000 ---p 00000000 00:00 0 
7f87f0d24000-7f87f371a000 rw-p 00000000 00:00 0 
7f87f371a000-7f87f61ba000 ---p 00000000 00:00 0 
7f87f61ba000-7f87f61c2000 rw-p 00000000 00:00 0 
7f87f61c2000-7f87f71c2000 ---p 00000000 00:00 0 
7f87f71c2000-7f87f75b2000 rw-p 00000000 00:00 0 
7f87f75b2000-7f87fa052000 ---p 00000000 00:00 0 
7f87fa052000-7f87fa05a000 rw-p 00000000 00:00 0 
7f87fa05a000-7f87fb05a000 ---p 00000000 00:00 0 
7f87fb05a000-7f87fb0d8000 rw-p 00000000 00:00 0 
7f87fb0d8000-7f87fb62c000 ---p 00000000 00:00 0 
7f87fb62c000-7f87fb62d000 rw-p 00000000 00:00 0 
7f87fb62d000-7f87fb82d000 ---p 00000000 00:00 0 
7f87fb82d000-7f87fb8ab000 rw-p 00000000 00:00 0 
7f87fb8ab000-7f87fbdff000 ---p 00000000 00:00 0 
7f87fbdff000-7f87fbe00000 rw-p 00000000 00:00 0 
7f87fbe00000-7f87fc000000 ---p 00000000 00:00 0 
7f87fc000000-7f87fc021000 rw-p 00000000 00:00 0 
7f87fc021000-7f8800000000 ---p 00000000 00:00 0 
7f880000b000-7f88001bb000 rw-p 00000000 00:00 0 
7f88001bb000-7f880070f000 ---p 00000000 00:00 0 
7f880070f000-7f8800710000 rw-p 00000000 00:00 0 
7f8800710000-7f8800910000 ---p 00000000 00:00 0 
7f8800910000-7f8800b80000 rwxp 00000000 00:00 0 
7f8800b80000-7f8800ea1000 ---p 00000000 00:00 0 
7f8800ea1000-7f88011e1000 rwxp 00000000 00:00 0 
7f88011e1000-7f88083d8000 ---p 00000000 00:00 0 
7f88083d8000-7f8808648000 rwxp 00000000 00:00 0 
7f8808648000-7f880f910000 ---p 00000000 00:00 0 
7f880f910000-7f8818000000 r--s 00000000 08:35 11013154                   /usr/lib/jvm/java-11-openjdk-amd64/lib/modules
7f8818000000-7f88187b1000 rw-p 00000000 00:00 0 
7f88187b1000-7f881c000000 ---p 00000000 00:00 0 
7f881c003000-7f881c00a000 r--s 00000000 08:35 11667603                   /usr/lib/x86_64-linux-gnu/gconv/gconv-modules.cache
7f881c00a000-7f881c00b000 r--p 00000000 08:35 11013125                   /usr/lib/jvm/java-11-openjdk-amd64/lib/libextnet.so
7f881c00b000-7f881c00c000 r-xp 00001000 08:35 11013125                   /usr/lib/jvm/java-11-openjdk-amd64/lib/libextnet.so
7f881c00c000-7f881c00d000 r--p 00002000 08:35 11013125                   /usr/lib/jvm/java-11-openjdk-amd64/lib/libextnet.so
7f881c00d000-7f881c00e000 r--p 00002000 08:35 11013125                   /usr/lib/jvm/java-11-openjdk-amd64/lib/libextnet.so
7f881c00e000-7f881c00f000 rw-p 00003000 08:35 11013125                   /usr/lib/jvm/java-11-openjdk-amd64/lib/libextnet.so
7f881c00f000-7f881c011000 r--p 00000000 08:35 11013142                   /usr/lib/jvm/java-11-openjdk-amd64/lib/libmanagement_ext.so
7f881c011000-7f881c014000 r-xp 00002000 08:35 11013142                   /usr/lib/jvm/java-11-openjdk-amd64/lib/libmanagement_ext.so
7f881c014000-7f881c015000 r--p 00005000 08:35 11013142                   /usr/lib/jvm/java-11-openjdk-amd64/lib/libmanagement_ext.so
7f881c015000-7f881c016000 ---p 00006000 08:35 11013142                   /usr/lib/jvm/java-11-openjdk-amd64/lib/libmanagement_ext.so
7f881c016000-7f881c017000 r--p 00006000 08:35 11013142                   /usr/lib/jvm/java-11-openjdk-amd64/lib/libmanagement_ext.so
7f881c017000-7f881c018000 rw-p 00007000 08:35 11013142                   /usr/lib/jvm/java-11-openjdk-amd64/lib/libmanagement_ext.so
7f881c018000-7f881c01b000 r--p 00000000 08:35 11013140                   /usr/lib/jvm/java-11-openjdk-amd64/lib/libmanagement.so
7f881c01b000-7f881c01c000 r-xp 00003000 08:35 11013140                   /usr/lib/jvm/java-11-openjdk-amd64/lib/libmanagement.so
7f881c01c000-7f881c01d000 r--p 00004000 08:35 11013140                   /usr/lib/jvm/java-11-openjdk-amd64/lib/libmanagement.so
7f881c01d000-7f881c01e000 r--p 00004000 08:35 11013140                   /usr/lib/jvm/java-11-openjdk-amd64/lib/libmanagement.so
7f881c01e000-7f881c01f000 rw-p 00005000 08:35 11013140                   /usr/lib/jvm/java-11-openjdk-amd64/lib/libmanagement.so
7f881c01f000-7f881c023000 r--p 00000000 08:35 11013144                   /usr/lib/jvm/java-11-openjdk-amd64/lib/libnet.so
7f881c023000-7f881c033000 r-xp 00004000 08:35 11013144                   /usr/lib/jvm/java-11-openjdk-amd64/lib/libnet.so
7f881c033000-7f881c037000 r--p 00014000 08:35 11013144                   /usr/lib/jvm/java-11-openjdk-amd64/lib/libnet.so
7f881c037000-7f881c038000 r--p 00017000 08:35 11013144                   /usr/lib/jvm/java-11-openjdk-amd64/lib/libnet.so
7f881c038000-7f881c039000 rw-p 00018000 08:35 11013144                   /usr/lib/jvm/java-11-openjdk-amd64/lib/libnet.so
7f881c039000-7f881c040000 r--p 00000000 08:35 11013145                   /usr/lib/jvm/java-11-openjdk-amd64/lib/libnio.so
7f881c040000-7f881c048000 r-xp 00007000 08:35 11013145                   /usr/lib/jvm/java-11-openjdk-amd64/lib/libnio.so
7f881c048000-7f881c04b000 r--p 0000f000 08:35 11013145                   /usr/lib/jvm/java-11-openjdk-amd64/lib/libnio.so
7f881c04b000-7f881c04c000 r--p 00011000 08:35 11013145                   /usr/lib/jvm/java-11-openjdk-amd64/lib/libnio.so
7f881c04c000-7f881c04d000 rw-p 00012000 08:35 11013145                   /usr/lib/jvm/java-11-openjdk-amd64/lib/libnio.so
7f881c04d000-7f881c2b9000 rw-p 00000000 00:00 0 
7f881c2b9000-7f881c2ba000 ---p 00000000 00:00 0 
7f881c2ba000-7f881c3bb000 rw-p 00000000 00:00 0 
7f881c3bb000-7f881c3bc000 ---p 00000000 00:00 0 
7f881c3bc000-7f881cdc8000 rw-p 00000000 00:00 0 
7f881cdc8000-7f881cdc9000 ---p 00000000 00:00 0 
7f881cdc9000-7f881cecf000 rw-p 00000000 00:00 0 
7f881cecf000-7f881cfb5000 ---p 00000000 00:00 0 
7f881cfb5000-7f881cfbc000 rw-p 00000000 00:00 0 
7f881cfbc000-7f881d0a0000 ---p 00000000 00:00 0 
7f881d0a0000-7f881d0a5000 rw-p 00000000 00:00 0 
7f881d0a5000-7f881d0ac000 ---p 00000000 00:00 0 
7f881d0ac000-7f881d0ae000 r--p 00000000 08:35 11013136                   /usr/lib/jvm/java-11-openjdk-amd64/lib/libjimage.so
7f881d0ae000-7f881d0b1000 r-xp 00002000 08:35 11013136                   /usr/lib/jvm/java-11-openjdk-amd64/lib/libjimage.so
7f881d0b1000-7f881d0b2000 r--p 00005000 08:35 11013136                   /usr/lib/jvm/java-11-openjdk-amd64/lib/libjimage.so
7f881d0b2000-7f881d0b3000 ---p 00006000 08:35 11013136                   /usr/lib/jvm/java-11-openjdk-amd64/lib/libjimage.so
7f881d0b3000-7f881d0b4000 r--p 00006000 08:35 11013136                   /usr/lib/jvm/java-11-openjdk-amd64/lib/libjimage.so
7f881d0b4000-7f881d0b5000 rw-p 00007000 08:35 11013136                   /usr/lib/jvm/java-11-openjdk-amd64/lib/libjimage.so
7f881d0b5000-7f881d0b8000 r--p 00000000 08:35 11018900                   /usr/lib/x86_64-linux-gnu/libnss_files-2.30.so
7f881d0b8000-7f881d0bf000 r-xp 00003000 08:35 11018900                   /usr/lib/x86_64-linux-gnu/libnss_files-2.30.so
7f881d0bf000-7f881d0c1000 r--p 0000a000 08:35 11018900                   /usr/lib/x86_64-linux-gnu/libnss_files-2.30.so
7f881d0c1000-7f881d0c2000 r--p 0000b000 08:35 11018900                   /usr/lib/x86_64-linux-gnu/libnss_files-2.30.so
7f881d0c2000-7f881d0c3000 rw-p 0000c000 08:35 11018900                   /usr/lib/x86_64-linux-gnu/libnss_files-2.30.so
7f881d0c3000-7f881d0c9000 rw-p 00000000 00:00 0 
7f881d0c9000-7f881d0cb000 r--s 0000c000 08:35 11801771                   /usr/share/java/java-atk-wrapper.jar
7f881d0cb000-7f881d0cd000 r--p 00000000 08:35 11013153                   /usr/lib/jvm/java-11-openjdk-amd64/lib/libzip.so
7f881d0cd000-7f881d0d1000 r-xp 00002000 08:35 11013153                   /usr/lib/jvm/java-11-openjdk-amd64/lib/libzip.so
7f881d0d1000-7f881d0d3000 r--p 00006000 08:35 11013153                   /usr/lib/jvm/java-11-openjdk-amd64/lib/libzip.so
7f881d0d3000-7f881d0d4000 r--p 00007000 08:35 11013153                   /usr/lib/jvm/java-11-openjdk-amd64/lib/libzip.so
7f881d0d4000-7f881d0d5000 rw-p 00008000 08:35 11013153                   /usr/lib/jvm/java-11-openjdk-amd64/lib/libzip.so
7f881d0d5000-7f881d0dd000 rw-s 00000000 08:14 1831429                    /tmp/hsperfdata_george/18490
7f881d0dd000-7f881d0eb000 r--p 00000000 08:35 11013132                   /usr/lib/jvm/java-11-openjdk-amd64/lib/libjava.so
7f881d0eb000-7f881d101000 r-xp 0000e000 08:35 11013132                   /usr/lib/jvm/java-11-openjdk-amd64/lib/libjava.so
7f881d101000-7f881d108000 r--p 00024000 08:35 11013132                   /usr/lib/jvm/java-11-openjdk-amd64/lib/libjava.so
7f881d108000-7f881d109000 r--p 0002a000 08:35 11013132                   /usr/lib/jvm/java-11-openjdk-amd64/lib/libjava.so
7f881d109000-7f881d10b000 rw-p 0002b000 08:35 11013132                   /usr/lib/jvm/java-11-openjdk-amd64/lib/libjava.so
7f881d10b000-7f881d10e000 r--p 00000000 08:35 11019110                   /usr/lib/x86_64-linux-gnu/librt-2.30.so
7f881d10e000-7f881d112000 r-xp 00003000 08:35 11019110                   /usr/lib/x86_64-linux-gnu/librt-2.30.so
7f881d112000-7f881d114000 r--p 00007000 08:35 11019110                   /usr/lib/x86_64-linux-gnu/librt-2.30.so
7f881d114000-7f881d115000 r--p 00008000 08:35 11019110                   /usr/lib/x86_64-linux-gnu/librt-2.30.so
7f881d115000-7f881d116000 rw-p 00009000 08:35 11019110                   /usr/lib/x86_64-linux-gnu/librt-2.30.so
7f881d116000-7f881d11a000 ---p 00000000 00:00 0 
7f881d11a000-7f881d217000 rw-p 00000000 00:00 0 
7f881d217000-7f881d21a000 r--p 00000000 08:35 11018421                   /usr/lib/x86_64-linux-gnu/libgcc_s.so.1
7f881d21a000-7f881d22b000 r-xp 00003000 08:35 11018421                   /usr/lib/x86_64-linux-gnu/libgcc_s.so.1
7f881d22b000-7f881d22f000 r--p 00014000 08:35 11018421                   /usr/lib/x86_64-linux-gnu/libgcc_s.so.1
7f881d22f000-7f881d230000 r--p 00017000 08:35 11018421                   /usr/lib/x86_64-linux-gnu/libgcc_s.so.1
7f881d230000-7f881d231000 rw-p 00018000 08:35 11018421                   /usr/lib/x86_64-linux-gnu/libgcc_s.so.1
7f881d231000-7f881d240000 r--p 00000000 08:35 11018777                   /usr/lib/x86_64-linux-gnu/libm-2.30.so
7f881d240000-7f881d2e7000 r-xp 0000f000 08:35 11018777                   /usr/lib/x86_64-linux-gnu/libm-2.30.so
7f881d2e7000-7f881d37e000 r--p 000b6000 08:35 11018777                   /usr/lib/x86_64-linux-gnu/libm-2.30.so
7f881d37e000-7f881d37f000 r--p 0014c000 08:35 11018777                   /usr/lib/x86_64-linux-gnu/libm-2.30.so
7f881d37f000-7f881d380000 rw-p 0014d000 08:35 11018777                   /usr/lib/x86_64-linux-gnu/libm-2.30.so
7f881d380000-7f881d416000 r--p 00000000 08:35 11019207                   /usr/lib/x86_64-linux-gnu/libstdc++.so.6.0.28
7f881d416000-7f881d513000 r-xp 00096000 08:35 11019207                   /usr/lib/x86_64-linux-gnu/libstdc++.so.6.0.28
7f881d513000-7f881d55d000 r--p 00193000 08:35 11019207                   /usr/lib/x86_64-linux-gnu/libstdc++.so.6.0.28
7f881d55d000-7f881d568000 r--p 001dc000 08:35 11019207                   /usr/lib/x86_64-linux-gnu/libstdc++.so.6.0.28
7f881d568000-7f881d56b000 rw-p 001e7000 08:35 11019207                   /usr/lib/x86_64-linux-gnu/libstdc++.so.6.0.28
7f881d56b000-7f881d56e000 rw-p 00000000 00:00 0 
7f881d56e000-7f881d7db000 r--p 00000000 08:35 11013159                   /usr/lib/jvm/java-11-openjdk-amd64/lib/server/libjvm.so
7f881d7db000-7f881e36e000 r-xp 0026d000 08:35 11013159                   /usr/lib/jvm/java-11-openjdk-amd64/lib/server/libjvm.so
7f881e36e000-7f881e5a9000 r--p 00e00000 08:35 11013159                   /usr/lib/jvm/java-11-openjdk-amd64/lib/server/libjvm.so
7f881e5a9000-7f881e666000 r--p 0103a000 08:35 11013159                   /usr/lib/jvm/java-11-openjdk-amd64/lib/server/libjvm.so
7f881e666000-7f881e6a0000 rw-p 010f7000 08:35 11013159                   /usr/lib/jvm/java-11-openjdk-amd64/lib/server/libjvm.so
7f881e6a0000-7f881e6f8000 rw-p 00000000 00:00 0 
7f881e6f8000-7f881e6ff000 r--p 00000000 08:35 11019042                   /usr/lib/x86_64-linux-gnu/libpthread-2.30.so
7f881e6ff000-7f881e710000 r-xp 00007000 08:35 11019042                   /usr/lib/x86_64-linux-gnu/libpthread-2.30.so
7f881e710000-7f881e715000 r--p 00018000 08:35 11019042                   /usr/lib/x86_64-linux-gnu/libpthread-2.30.so
7f881e715000-7f881e716000 r--p 0001c000 08:35 11019042                   /usr/lib/x86_64-linux-gnu/libpthread-2.30.so
7f881e716000-7f881e717000 rw-p 0001d000 08:35 11019042                   /usr/lib/x86_64-linux-gnu/libpthread-2.30.so
7f881e717000-7f881e71b000 rw-p 00000000 00:00 0 
7f881e71b000-7f881e71c000 r--p 00000000 08:35 11018282                   /usr/lib/x86_64-linux-gnu/libdl-2.30.so
7f881e71c000-7f881e71e000 r-xp 00001000 08:35 11018282                   /usr/lib/x86_64-linux-gnu/libdl-2.30.so
7f881e71e000-7f881e71f000 r--p 00003000 08:35 11018282                   /usr/lib/x86_64-linux-gnu/libdl-2.30.so
7f881e71f000-7f881e720000 r--p 00003000 08:35 11018282                   /usr/lib/x86_64-linux-gnu/libdl-2.30.so
7f881e720000-7f881e721000 rw-p 00004000 08:35 11018282                   /usr/lib/x86_64-linux-gnu/libdl-2.30.so
7f881e721000-7f881e723000 r--p 00000000 08:35 11019449                   /usr/lib/x86_64-linux-gnu/libz.so.1.2.11
7f881e723000-7f881e734000 r-xp 00002000 08:35 11019449                   /usr/lib/x86_64-linux-gnu/libz.so.1.2.11
7f881e734000-7f881e73a000 r--p 00013000 08:35 11019449                   /usr/lib/x86_64-linux-gnu/libz.so.1.2.11
7f881e73a000-7f881e73b000 ---p 00019000 08:35 11019449                   /usr/lib/x86_64-linux-gnu/libz.so.1.2.11
7f881e73b000-7f881e73c000 r--p 00019000 08:35 11019449                   /usr/lib/x86_64-linux-gnu/libz.so.1.2.11
7f881e73c000-7f881e73d000 rw-p 0001a000 08:35 11019449                   /usr/lib/x86_64-linux-gnu/libz.so.1.2.11
7f881e73d000-7f881e762000 r--p 00000000 08:35 11018142                   /usr/lib/x86_64-linux-gnu/libc-2.30.so
7f881e762000-7f881e8da000 r-xp 00025000 08:35 11018142                   /usr/lib/x86_64-linux-gnu/libc-2.30.so
7f881e8da000-7f881e924000 r--p 0019d000 08:35 11018142                   /usr/lib/x86_64-linux-gnu/libc-2.30.so
7f881e924000-7f881e927000 r--p 001e6000 08:35 11018142                   /usr/lib/x86_64-linux-gnu/libc-2.30.so
7f881e927000-7f881e92a000 rw-p 001e9000 08:35 11018142                   /usr/lib/x86_64-linux-gnu/libc-2.30.so
7f881e92a000-7f881e92e000 rw-p 00000000 00:00 0 
7f881e92e000-7f881e92f000 ---p 00000000 00:00 0 
7f881e92f000-7f881e930000 r--p 00000000 00:00 0 
7f881e930000-7f881e935000 r--p 00000000 08:35 11013152                   /usr/lib/jvm/java-11-openjdk-amd64/lib/libverify.so
7f881e935000-7f881e93c000 r-xp 00005000 08:35 11013152                   /usr/lib/jvm/java-11-openjdk-amd64/lib/libverify.so
7f881e93c000-7f881e93e000 r--p 0000c000 08:35 11013152                   /usr/lib/jvm/java-11-openjdk-amd64/lib/libverify.so
7f881e93e000-7f881e93f000 ---p 0000e000 08:35 11013152                   /usr/lib/jvm/java-11-openjdk-amd64/lib/libverify.so
7f881e93f000-7f881e941000 r--p 0000e000 08:35 11013152                   /usr/lib/jvm/java-11-openjdk-amd64/lib/libverify.so
7f881e941000-7f881e942000 rw-p 00010000 08:35 11013152                   /usr/lib/jvm/java-11-openjdk-amd64/lib/libverify.so
7f881e942000-7f881e945000 r--p 00000000 08:35 11013116                   /usr/lib/jvm/java-11-openjdk-amd64/lib/jli/libjli.so
7f881e945000-7f881e94f000 r-xp 00003000 08:35 11013116                   /usr/lib/jvm/java-11-openjdk-amd64/lib/jli/libjli.so
7f881e94f000-7f881e952000 r--p 0000d000 08:35 11013116                   /usr/lib/jvm/java-11-openjdk-amd64/lib/jli/libjli.so
7f881e952000-7f881e953000 r--p 0000f000 08:35 11013116                   /usr/lib/jvm/java-11-openjdk-amd64/lib/jli/libjli.so
7f881e953000-7f881e954000 rw-p 00010000 08:35 11013116                   /usr/lib/jvm/java-11-openjdk-amd64/lib/jli/libjli.so
7f881e954000-7f881e956000 rw-p 00000000 00:00 0 
7f881e956000-7f881e957000 r--p 00000000 08:35 11017923                   /usr/lib/x86_64-linux-gnu/ld-2.30.so
7f881e957000-7f881e979000 r-xp 00001000 08:35 11017923                   /usr/lib/x86_64-linux-gnu/ld-2.30.so
7f881e979000-7f881e981000 r--p 00023000 08:35 11017923                   /usr/lib/x86_64-linux-gnu/ld-2.30.so
7f881e982000-7f881e983000 r--p 0002b000 08:35 11017923                   /usr/lib/x86_64-linux-gnu/ld-2.30.so
7f881e983000-7f881e984000 rw-p 0002c000 08:35 11017923                   /usr/lib/x86_64-linux-gnu/ld-2.30.so
7f881e984000-7f881e985000 rw-p 00000000 00:00 0 
7ffd782af000-7ffd782d3000 rw-p 00000000 00:00 0                          [stack]
7ffd783a2000-7ffd783a5000 r--p 00000000 00:00 0                          [vvar]
7ffd783a5000-7ffd783a6000 r-xp 00000000 00:00 0                          [vdso]
ffffffffff600000-ffffffffff601000 --xp 00000000 00:00 0                  [vsyscall]


VM Arguments:
jvm_args: -Dcom.sun.management.jmxremote -Dcom.sun.management.jmxremote.port=39531 -Dcom.sun.management.jmxremote.authenticate=false -Dcom.sun.management.jmxremote.ssl=false -Djava.rmi.server.hostname=localhost -Dspring.application.admin.enabled=true -Dspring.jmx.enabled=true -Dfile.encoding=UTF-8 
java_command: com.geocode.fullstackproject.restbackend.BackendRestApplication
java_class_path (initial): /home/george/vscode-workspace/restbackend/target/classes:/home/george/.m2/repository/org/springframework/boot/spring-boot-starter-web/2.2.4.RELEASE/spring-boot-starter-web-2.2.4.RELEASE.jar:/home/george/.m2/repository/org/springframework/boot/spring-boot-starter/2.2.4.RELEASE/spring-boot-starter-2.2.4.RELEASE.jar:/home/george/.m2/repository/org/springframework/boot/spring-boot-starter-logging/2.2.4.RELEASE/spring-boot-starter-logging-2.2.4.RELEASE.jar:/home/george/.m2/repository/ch/qos/logback/logback-classic/1.2.3/logback-classic-1.2.3.jar:/home/george/.m2/repository/ch/qos/logback/logback-core/1.2.3/logback-core-1.2.3.jar:/home/george/.m2/repository/org/apache/logging/log4j/log4j-to-slf4j/2.12.1/log4j-to-slf4j-2.12.1.jar:/home/george/.m2/repository/org/apache/logging/log4j/log4j-api/2.12.1/log4j-api-2.12.1.jar:/home/george/.m2/repository/org/slf4j/jul-to-slf4j/1.7.30/jul-to-slf4j-1.7.30.jar:/home/george/.m2/repository/jakarta/annotation/jakarta.annotation-api/1.3.5/jakarta.annotation-api-1.3.5.jar:/home/george/.m2/repository/org/yaml/snakeyaml/1.25/snakeyaml-1.25.jar:/home/george/.m2/repository/org/springframework/boot/spring-boot-starter-json/2.2.4.RELEASE/spring-boot-starter-json-2.2.4.RELEASE.jar:/home/george/.m2/repository/com/fasterxml/jackson/core/jackson-databind/2.10.2/jackson-databind-2.10.2.jar:/home/george/.m2/repository/com/fasterxml/jackson/core/jackson-annotations/2.10.2/jackson-annotations-2.10.2.jar:/home/george/.m2/repository/com/fasterxml/jackson/core/jackson-core/2.10.2/jackson-core-2.10.2.jar:/home/george/.m2/repository/com/fasterxml/jackson/datatype/jackson-datatype-jdk8/2.10.2/jackson-datatype-jdk8-2.10.2.jar:/home/george/.m2/repository/com/fasterxml/jackson/datatype/jackson-datatype-jsr310/2.10.2/jackson-datatype-jsr310-2.10.2.jar:/home/george/.m2/repository/com/fasterxml/jackson/module/jackson-module-parameter-names/2.10.2/jackson-module-parameter-names-2.10.2.jar:/home/george/.m2/repository/org/springframework/
Launcher Type: SUN_STANDARD

[Global flags]
     intx CICompilerCount                          = 4                                         {product} {ergonomic}
     uint ConcGCThreads                            = 2                                         {product} {ergonomic}
     uint G1ConcRefinementThreads                  = 8                                         {product} {ergonomic}
   size_t G1HeapRegionSize                         = 1048576                                   {product} {ergonomic}
    uintx GCDrainStackTargetSize                   = 64                                        {product} {ergonomic}
   size_t InitialHeapSize                          = 264241152                                 {product} {ergonomic}
     bool ManagementServer                         = true                                      {product} {command line}
   size_t MarkStackSize                            = 4194304                                   {product} {ergonomic}
   size_t MaxHeapSize                              = 4200595456                                {product} {ergonomic}
   size_t MaxNewSize                               = 2519728128                                {product} {ergonomic}
   size_t MinHeapDeltaBytes                        = 1048576                                   {product} {ergonomic}
    uintx NonNMethodCodeHeapSize                   = 5836300                                {pd product} {ergonomic}
    uintx NonProfiledCodeHeapSize                  = 122910970                              {pd product} {ergonomic}
    uintx ProfiledCodeHeapSize                     = 122910970                              {pd product} {ergonomic}
    uintx ReservedCodeCacheSize                    = 251658240                              {pd product} {ergonomic}
     bool SegmentedCodeCache                       = true                                      {product} {ergonomic}
     bool UseCompressedClassPointers               = true                                 {lp64_product} {ergonomic}
     bool UseCompressedOops                        = true                                 {lp64_product} {ergonomic}
     bool UseG1GC                                  = true                                      {product} {ergonomic}

Logging:
Log output configuration:
 #0: stdout all=warning uptime,level,tags
 #1: stderr all=off uptime,level,tags

Environment Variables:
JAVA_HOME=/usr/lib/jvm/java-11-openjdk-amd64/
PATH=/usr/local/sbin:/usr/local/bin:/usr/sbin:/usr/bin:/sbin:/bin:/usr/games:/usr/local/games:/snap/bin
USERNAME=george
SHELL=/usr/bin/zsh
DISPLAY=:1

Signal Handlers:
SIGSEGV: [libjvm.so+0xd8d500], sa_mask[0]=11111111011111111101111111111110, sa_flags=SA_RESTART|SA_SIGINFO
SIGBUS: [libjvm.so+0xd8d500], sa_mask[0]=11111111011111111101111111111110, sa_flags=SA_RESTART|SA_SIGINFO
SIGFPE: [libjvm.so+0xd8d500], sa_mask[0]=11111111011111111101111111111110, sa_flags=SA_RESTART|SA_SIGINFO
SIGPIPE: [libjvm.so+0xb86650], sa_mask[0]=11111111011111111101111111111110, sa_flags=SA_RESTART|SA_SIGINFO
SIGXFSZ: [libjvm.so+0xb86650], sa_mask[0]=11111111011111111101111111111110, sa_flags=SA_RESTART|SA_SIGINFO
SIGILL: [libjvm.so+0xd8d500], sa_mask[0]=11111111011111111101111111111110, sa_flags=SA_RESTART|SA_SIGINFO
SIGUSR2: [libjvm.so+0xb864f0], sa_mask[0]=00100000000000000000000000000000, sa_flags=SA_RESTART|SA_SIGINFO
SIGHUP: [libjvm.so+0xb86990], sa_mask[0]=11111111011111111101111111111110, sa_flags=SA_RESTART|SA_SIGINFO
SIGINT: [libjvm.so+0xb86990], sa_mask[0]=11111111011111111101111111111110, sa_flags=SA_RESTART|SA_SIGINFO
SIGTERM: [libjvm.so+0xb86990], sa_mask[0]=11111111011111111101111111111110, sa_flags=SA_RESTART|SA_SIGINFO
SIGQUIT: [libjvm.so+0xb86990], sa_mask[0]=11111111011111111101111111111110, sa_flags=SA_RESTART|SA_SIGINFO


---------------  S Y S T E M  ---------------

OS:DISTRIB_ID=Ubuntu
DISTRIB_RELEASE=19.10
DISTRIB_CODENAME=eoan
DISTRIB_DESCRIPTION="Ubuntu 19.10"
uname:Linux 5.3.0-29-generic #31-Ubuntu SMP Fri Jan 17 17:27:26 UTC 2020 x86_64
libc:glibc 2.30 NPTL 2.30 
rlimit: STACK 8192k, CORE 0k, NPROC 63621, NOFILE 1048576, AS infinity, DATA infinity, FSIZE infinity
load average:1,01 0,74 0,77

/proc/meminfo:
MemTotal:       16407876 kB
MemFree:         3153784 kB
MemAvailable:   10412860 kB
Buffers:         2765412 kB
Cached:          4752496 kB
SwapCached:            0 kB
Active:          6354204 kB
Inactive:        6140148 kB
Active(anon):    4875256 kB
Inactive(anon):   268940 kB
Active(file):    1478948 kB
Inactive(file):  5871208 kB
Unevictable:          48 kB
Mlocked:              48 kB
SwapTotal:       2097148 kB
SwapFree:        2097148 kB
Dirty:               244 kB
Writeback:             0 kB
AnonPages:       4976480 kB
Mapped:          1091940 kB
Shmem:            287812 kB
KReclaimable:     244840 kB
Slab:             442476 kB
SReclaimable:     244840 kB
SUnreclaim:       197636 kB
KernelStack:       20836 kB
PageTables:        51192 kB
NFS_Unstable:          0 kB
Bounce:                0 kB
WritebackTmp:          0 kB
CommitLimit:    10301084 kB
Committed_AS:   13013684 kB
VmallocTotal:   34359738367 kB
VmallocUsed:       54924 kB
VmallocChunk:          0 kB
Percpu:            31616 kB
HardwareCorrupted:     0 kB
AnonHugePages:         0 kB
ShmemHugePages:        0 kB
ShmemPmdMapped:        0 kB
CmaTotal:              0 kB
CmaFree:               0 kB
HugePages_Total:       0
HugePages_Free:        0
HugePages_Rsvd:        0
HugePages_Surp:        0
Hugepagesize:       2048 kB
Hugetlb:               0 kB
DirectMap4k:      800632 kB
DirectMap2M:    13830144 kB
DirectMap1G:     3145728 kB


/proc/sys/kernel/threads-max (system-wide limit on the number of threads):
127243


/proc/sys/vm/max_map_count (maximum number of memory map areas a process may have):
65530


/proc/sys/kernel/pid_max (system-wide limit on number of process identifiers):
32768



container (cgroup) information:
container_type: cgroupv1
cpu_cpuset_cpus: 0-7
cpu_memory_nodes: 0
active_processor_count: 8
cpu_quota: -1
cpu_period: 100000
cpu_shares: -1
memory_limit_in_bytes: -1
memory_and_swap_limit_in_bytes: -2
memory_soft_limit_in_bytes: -1
memory_usage_in_bytes: 8988819456
memory_max_usage_in_bytes: 9501323264

Steal ticks since vm start: 0
Steal ticks percentage since vm start:  0,000

CPU:total 8 (initial active 8) (8 cores per cpu, 2 threads per core) family 23 model 1 stepping 1, cmov, cx8, fxsr, mmx, sse, sse2, sse3, ssse3, sse4.1, sse4.2, popcnt, avx, avx2, aes, clmul, mmxext, 3dnowpref, lzcnt, sse4a, ht, tsc, tscinvbit, tscinv, bmi1, bmi2, adx, sha, fma
CPU Model and flags from /proc/cpuinfo:
model name	: AMD Ryzen 5 1500X Quad-Core Processor
flags		: fpu vme de pse tsc msr pae mce cx8 apic sep mtrr pge mca cmov pat pse36 clflush mmx fxsr sse sse2 ht syscall nx mmxext fxsr_opt pdpe1gb rdtscp lm constant_tsc rep_good nopl nonstop_tsc cpuid extd_apicid aperfmperf pni pclmulqdq monitor ssse3 fma cx16 sse4_1 sse4_2 movbe popcnt aes xsave avx f16c rdrand lahf_lm cmp_legacy svm extapic cr8_legacy abm sse4a misalignsse 3dnowprefetch osvw skinit wdt tce topoext perfctr_core perfctr_nb bpext perfctr_llc mwaitx cpb hw_pstate sme ssbd sev ibpb vmmcall fsgsbase bmi1 avx2 smep bmi2 rdseed adx smap clflushopt sha_ni xsaveopt xsavec xgetbv1 xsaves clzero irperf xsaveerptr arat npt lbrv svm_lock nrip_save tsc_scale vmcb_clean flushbyasid decodeassists pausefilter pfthreshold avic v_vmsave_vmload vgif overflow_recov succor smca

Memory: 4k page, physical 16407876k(3153784k free), swap 2097148k(2097148k free)

vm_info: OpenJDK 64-Bit Server VM (11.0.6+10-post-Ubuntu-1ubuntu119.10.1) for linux-amd64 JRE (11.0.6+10-post-Ubuntu-1ubuntu119.10.1), built on Jan 15 2020 15:14:00 by "unknown" with gcc 9.2.1 20191008

END.
